2026-03-11 20:51:57,151 - MLProjectLogger - INFO - Starting preprocessing...
2026-03-11 20:51:57,290 - MLProjectLogger - INFO - Preprocessing completed.
2026-03-11 20:51:57,295 - MLProjectLogger - INFO - Applying feature engineering...
2026-03-11 20:51:57,318 - MLProjectLogger - INFO - Feature engineering done.
2026-03-11 20:51:57,319 - MLProjectLogger - INFO - Applying Trust Engine...
2026-03-11 20:51:57,362 - MLProjectLogger - INFO - Trust scoring completed.
2026-03-11 20:52:30,760 - MLProjectLogger - INFO - Starting preprocessing...
2026-03-11 20:52:30,777 - MLProjectLogger - INFO - Starting preprocessing...
2026-03-11 20:52:30,835 - MLProjectLogger - INFO - Preprocessing completed.
2026-03-11 20:52:30,843 - MLProjectLogger - INFO - Preprocessing completed.
2026-03-11 20:52:30,884 - MLProjectLogger - INFO - Applying feature engineering...
2026-03-11 20:52:30,886 - MLProjectLogger - INFO - Applying feature engineering...
2026-03-11 20:52:30,902 - MLProjectLogger - INFO - Feature engineering done.
2026-03-11 20:52:30,909 - MLProjectLogger - INFO - Feature engineering done.
2026-03-11 20:52:30,911 - MLProjectLogger - INFO - Applying Trust Engine...
2026-03-11 20:52:30,911 - MLProjectLogger - INFO - Applying Trust Engine...
2026-03-11 20:52:30,930 - MLProjectLogger - INFO - Trust scoring completed.
2026-03-11 20:52:30,936 - MLProjectLogger - INFO - Trust scoring completed.
2026-03-11 20:55:56,002 - MLProjectLogger - INFO - Starting preprocessing...
2026-03-11 20:55:56,096 - MLProjectLogger - INFO - Preprocessing completed.
2026-03-11 20:55:56,102 - MLProjectLogger - INFO - Applying feature engineering...
2026-03-11 20:55:56,102 - MLProjectLogger - INFO - Feature engineering done.
2026-03-11 20:55:56,108 - MLProjectLogger - INFO - Applying Trust Engine...
2026-03-11 20:55:56,116 - MLProjectLogger - INFO - Trust scoring completed.
2026-03-11 20:56:20,495 - MLProjectLogger - INFO - Starting preprocessing...
2026-03-11 20:56:20,505 - MLProjectLogger - INFO - Starting preprocessing...
2026-03-11 20:56:20,519 - MLProjectLogger - INFO - Preprocessing completed.
2026-03-11 20:56:20,526 - MLProjectLogger - INFO - Applying feature engineering...
2026-03-11 20:56:20,532 - MLProjectLogger - INFO - Feature engineering done.
2026-03-11 20:56:20,540 - MLProjectLogger - INFO - Preprocessing completed.
2026-03-11 20:56:20,540 - MLProjectLogger - INFO - Applying Trust Engine...
2026-03-11 20:56:20,540 - MLProjectLogger - INFO - Applying feature engineering...
2026-03-11 20:56:20,551 - MLProjectLogger - INFO - Trust scoring completed.
2026-03-11 20:56:20,558 - MLProjectLogger - INFO - Feature engineering done.
2026-03-11 20:56:20,559 - MLProjectLogger - INFO - Applying Trust Engine...
2026-03-11 20:56:20,569 - MLProjectLogger - INFO - Trust scoring completed.
2026-03-11 20:56:30,508 - MLProjectLogger - INFO - Starting preprocessing...
2026-03-11 20:56:30,515 - MLProjectLogger - INFO - Starting preprocessing...
2026-03-11 20:56:30,558 - MLProjectLogger - INFO - Preprocessing completed.
2026-03-11 20:56:30,566 - MLProjectLogger - INFO - Applying feature engineering...
2026-03-11 20:56:30,569 - MLProjectLogger - INFO - Preprocessing completed.
2026-03-11 20:56:30,580 - MLProjectLogger - INFO - Feature engineering done.
2026-03-11 20:56:30,582 - MLProjectLogger - INFO - Applying feature engineering...
2026-03-11 20:56:30,586 - MLProjectLogger - INFO - Applying Trust Engine...
2026-03-11 20:56:30,596 - MLProjectLogger - INFO - Feature engineering done.
2026-03-11 20:56:30,605 - MLProjectLogger - INFO - Trust scoring completed.
2026-03-11 20:56:30,605 - MLProjectLogger - INFO - Applying Trust Engine...
2026-03-11 20:56:30,623 - MLProjectLogger - INFO - Trust scoring completed.
2026-03-11 20:56:41,860 - MLProjectLogger - INFO - Starting preprocessing...
2026-03-11 20:56:41,862 - MLProjectLogger - INFO - Starting preprocessing...
2026-03-11 20:56:41,885 - MLProjectLogger - INFO - Preprocessing completed.
2026-03-11 20:56:41,908 - MLProjectLogger - INFO - Preprocessing completed.
2026-03-11 20:56:41,911 - MLProjectLogger - INFO - Applying feature engineering...
2026-03-11 20:56:41,913 - MLProjectLogger - INFO - Applying feature engineering...
2026-03-11 20:56:41,919 - MLProjectLogger - INFO - Feature engineering done.
2026-03-11 20:56:41,942 - MLProjectLogger - INFO - Feature engineering done.
2026-03-11 20:56:41,945 - MLProjectLogger - INFO - Applying Trust Engine...
2026-03-11 20:56:41,949 - MLProjectLogger - INFO - Applying Trust Engine...
2026-03-11 20:56:41,968 - MLProjectLogger - INFO - Trust scoring completed.
2026-03-11 20:56:42,005 - MLProjectLogger - INFO - Trust scoring completed.
2026-03-11 20:56:58,912 - MLProjectLogger - INFO - Starting preprocessing...
2026-03-11 20:56:58,940 - MLProjectLogger - INFO - Preprocessing completed.
2026-03-11 20:56:58,945 - MLProjectLogger - INFO - Applying feature engineering...
2026-03-11 20:56:58,955 - MLProjectLogger - INFO - Feature engineering done.
2026-03-11 20:56:58,960 - MLProjectLogger - INFO - Applying Trust Engine...
2026-03-11 20:56:59,004 - MLProjectLogger - INFO - Trust scoring completed.
2026-03-11 20:56:59,021 - MLProjectLogger - INFO - Starting preprocessing...
2026-03-11 20:56:59,058 - MLProjectLogger - INFO - Preprocessing completed.
2026-03-11 20:56:59,058 - MLProjectLogger - INFO - Applying feature engineering...
2026-03-11 20:56:59,065 - MLProjectLogger - INFO - Feature engineering done.
2026-03-11 20:56:59,066 - MLProjectLogger - INFO - Applying Trust Engine...
2026-03-11 20:56:59,086 - MLProjectLogger - INFO - Trust scoring completed.
2026-03-11 20:57:02,578 - MLProjectLogger - INFO - Starting preprocessing...
2026-03-11 20:57:02,582 - MLProjectLogger - INFO - Starting preprocessing...
2026-03-11 20:57:02,628 - MLProjectLogger - INFO - Preprocessing completed.
2026-03-11 20:57:02,631 - MLProjectLogger - INFO - Applying feature engineering...
2026-03-11 20:57:02,631 - MLProjectLogger - INFO - Preprocessing completed.
2026-03-11 20:57:02,651 - MLProjectLogger - INFO - Applying feature engineering...
2026-03-11 20:57:02,656 - MLProjectLogger - INFO - Feature engineering done.
2026-03-11 20:57:02,659 - MLProjectLogger - INFO - Feature engineering done.
2026-03-11 20:57:02,666 - MLProjectLogger - INFO - Applying Trust Engine...
2026-03-11 20:57:02,668 - MLProjectLogger - INFO - Applying Trust Engine...
2026-03-11 20:57:02,673 - MLProjectLogger - INFO - Trust scoring completed.
2026-03-11 20:57:02,686 - MLProjectLogger - INFO - Trust scoring completed.
2026-03-11 20:57:10,885 - MLProjectLogger - INFO - Starting preprocessing...
2026-03-11 20:57:10,885 - MLProjectLogger - INFO - Starting preprocessing...
2026-03-11 20:57:10,893 - MLProjectLogger - INFO - Preprocessing completed.
2026-03-11 20:57:10,920 - MLProjectLogger - INFO - Applying feature engineering...
2026-03-11 20:57:10,925 - MLProjectLogger - INFO - Preprocessing completed.
2026-03-11 20:57:10,941 - MLProjectLogger - INFO - Feature engineering done.
2026-03-11 20:57:10,942 - MLProjectLogger - INFO - Applying feature engineering...
2026-03-11 20:57:10,942 - MLProjectLogger - INFO - Applying Trust Engine...
2026-03-11 20:57:10,966 - MLProjectLogger - INFO - Feature engineering done.
2026-03-11 20:57:10,988 - MLProjectLogger - INFO - Trust scoring completed.
2026-03-11 20:57:10,989 - MLProjectLogger - INFO - Applying Trust Engine...
2026-03-11 20:57:11,019 - MLProjectLogger - INFO - Trust scoring completed.
