2026-03-11 20:59:40,276 | INFO | Prediction request received
2026-03-11 20:59:40,626 | INFO | CSV loaded successfully. Shape: (40043, 49)
2026-03-11 20:59:40,628 | INFO | Starting preprocessing...
2026-03-11 20:59:40,776 | INFO | Preprocessing completed.
2026-03-11 20:59:40,776 | INFO | Applying feature engineering...
2026-03-11 20:59:40,796 | INFO | Feature engineering done.
2026-03-11 20:59:40,802 | INFO | Applying Trust Engine...
2026-03-11 20:59:40,839 | INFO | Trust scoring completed.
2026-03-11 21:00:08,648 | INFO | Prediction completed successfully
2026-03-11 21:00:10,365 | INFO | Starting preprocessing...
2026-03-11 21:00:10,388 | INFO | Preprocessing completed.
2026-03-11 21:00:10,391 | INFO | Applying feature engineering...
2026-03-11 21:00:10,429 | INFO | Feature engineering done.
2026-03-11 21:00:10,429 | INFO | Applying Trust Engine...
2026-03-11 21:00:10,446 | INFO | Trust scoring completed.
2026-03-11 21:00:10,462 | INFO | Starting preprocessing...
2026-03-11 21:00:10,488 | INFO | Preprocessing completed.
2026-03-11 21:00:10,489 | INFO | Applying feature engineering...
2026-03-11 21:00:10,496 | INFO | Feature engineering done.
2026-03-11 21:00:10,503 | INFO | Applying Trust Engine...
2026-03-11 21:00:10,517 | INFO | Trust scoring completed.
2026-03-11 21:00:10,530 | INFO | Starting preprocessing...
2026-03-11 21:00:10,552 | INFO | Preprocessing completed.
2026-03-11 21:00:10,553 | INFO | Applying feature engineering...
2026-03-11 21:00:10,565 | INFO | Feature engineering done.
2026-03-11 21:00:10,566 | INFO | Applying Trust Engine...
2026-03-11 21:00:10,575 | INFO | Trust scoring completed.
2026-03-11 21:00:10,586 | INFO | Starting preprocessing...
2026-03-11 21:00:10,609 | INFO | Preprocessing completed.
2026-03-11 21:00:10,613 | INFO | Applying feature engineering...
2026-03-11 21:00:10,624 | INFO | Feature engineering done.
2026-03-11 21:00:10,625 | INFO | Applying Trust Engine...
2026-03-11 21:00:10,631 | INFO | Trust scoring completed.
2026-03-11 21:00:10,640 | INFO | Starting preprocessing...
2026-03-11 21:00:10,655 | INFO | Preprocessing completed.
2026-03-11 21:00:10,669 | INFO | Applying feature engineering...
2026-03-11 21:00:10,679 | INFO | Feature engineering done.
2026-03-11 21:00:10,683 | INFO | Applying Trust Engine...
2026-03-11 21:00:10,703 | INFO | Trust scoring completed.
2026-03-11 21:00:10,716 | INFO | Starting preprocessing...
2026-03-11 21:00:10,731 | INFO | Preprocessing completed.
2026-03-11 21:00:10,731 | INFO | Applying feature engineering...
2026-03-11 21:00:10,738 | INFO | Feature engineering done.
2026-03-11 21:00:10,739 | INFO | Applying Trust Engine...
2026-03-11 21:00:10,750 | INFO | Trust scoring completed.
2026-03-11 21:00:10,759 | INFO | Starting preprocessing...
2026-03-11 21:00:10,780 | INFO | Preprocessing completed.
2026-03-11 21:00:10,781 | INFO | Applying feature engineering...
2026-03-11 21:00:10,787 | INFO | Feature engineering done.
2026-03-11 21:00:10,787 | INFO | Applying Trust Engine...
2026-03-11 21:00:10,796 | INFO | Trust scoring completed.
2026-03-11 21:00:10,810 | INFO | Starting preprocessing...
2026-03-11 21:00:10,827 | INFO | Preprocessing completed.
2026-03-11 21:00:10,828 | INFO | Applying feature engineering...
2026-03-11 21:00:10,835 | INFO | Feature engineering done.
2026-03-11 21:00:10,835 | INFO | Applying Trust Engine...
2026-03-11 21:00:10,844 | INFO | Trust scoring completed.
2026-03-11 21:00:10,856 | INFO | Starting preprocessing...
2026-03-11 21:00:10,873 | INFO | Preprocessing completed.
2026-03-11 21:00:10,874 | INFO | Applying feature engineering...
2026-03-11 21:00:10,882 | INFO | Feature engineering done.
2026-03-11 21:00:10,883 | INFO | Applying Trust Engine...
2026-03-11 21:00:10,891 | INFO | Trust scoring completed.
2026-03-11 21:00:10,904 | INFO | Starting preprocessing...
2026-03-11 21:00:10,919 | INFO | Preprocessing completed.
2026-03-11 21:00:10,920 | INFO | Applying feature engineering...
2026-03-11 21:00:10,927 | INFO | Feature engineering done.
2026-03-11 21:00:10,928 | INFO | Applying Trust Engine...
2026-03-11 21:00:10,936 | INFO | Trust scoring completed.
2026-03-11 21:00:10,946 | INFO | Starting preprocessing...
2026-03-11 21:00:10,956 | INFO | Preprocessing completed.
2026-03-11 21:00:10,960 | INFO | Applying feature engineering...
2026-03-11 21:00:10,965 | INFO | Feature engineering done.
2026-03-11 21:00:10,968 | INFO | Applying Trust Engine...
2026-03-11 21:00:10,973 | INFO | Trust scoring completed.
2026-03-11 21:00:10,981 | INFO | Starting preprocessing...
2026-03-11 21:00:10,990 | INFO | Preprocessing completed.
2026-03-11 21:00:10,993 | INFO | Applying feature engineering...
2026-03-11 21:00:11,004 | INFO | Feature engineering done.
2026-03-11 21:00:11,009 | INFO | Applying Trust Engine...
2026-03-11 21:00:11,018 | INFO | Trust scoring completed.
2026-03-11 21:00:11,029 | INFO | Starting preprocessing...
2026-03-11 21:00:11,044 | INFO | Preprocessing completed.
2026-03-11 21:00:11,044 | INFO | Applying feature engineering...
2026-03-11 21:00:11,052 | INFO | Feature engineering done.
2026-03-11 21:00:11,055 | INFO | Applying Trust Engine...
2026-03-11 21:00:11,097 | INFO | Trust scoring completed.
2026-03-11 21:00:11,180 | INFO | Starting preprocessing...
2026-03-11 21:00:11,251 | INFO | Preprocessing completed.
2026-03-11 21:00:11,256 | INFO | Applying feature engineering...
2026-03-11 21:00:11,262 | INFO | Feature engineering done.
2026-03-11 21:00:11,262 | INFO | Applying Trust Engine...
2026-03-11 21:00:11,273 | INFO | Trust scoring completed.
2026-03-11 21:00:11,286 | INFO | Starting preprocessing...
2026-03-11 21:00:11,311 | INFO | Preprocessing completed.
2026-03-11 21:00:11,312 | INFO | Applying feature engineering...
2026-03-11 21:00:11,320 | INFO | Feature engineering done.
2026-03-11 21:00:11,324 | INFO | Applying Trust Engine...
2026-03-11 21:00:11,338 | INFO | Trust scoring completed.
2026-03-11 21:00:11,351 | INFO | Starting preprocessing...
2026-03-11 21:00:11,370 | INFO | Preprocessing completed.
2026-03-11 21:00:11,375 | INFO | Applying feature engineering...
2026-03-11 21:00:11,382 | INFO | Feature engineering done.
2026-03-11 21:00:11,385 | INFO | Applying Trust Engine...
2026-03-11 21:00:11,396 | INFO | Trust scoring completed.
2026-03-11 21:00:11,409 | INFO | Starting preprocessing...
2026-03-11 21:00:11,424 | INFO | Preprocessing completed.
2026-03-11 21:00:11,439 | INFO | Applying feature engineering...
2026-03-11 21:00:11,449 | INFO | Feature engineering done.
2026-03-11 21:00:11,449 | INFO | Applying Trust Engine...
2026-03-11 21:00:11,469 | INFO | Trust scoring completed.
2026-03-11 21:00:11,476 | INFO | Starting preprocessing...
2026-03-11 21:00:11,499 | INFO | Preprocessing completed.
2026-03-11 21:00:11,506 | INFO | Applying feature engineering...
2026-03-11 21:00:11,515 | INFO | Feature engineering done.
2026-03-11 21:00:11,521 | INFO | Applying Trust Engine...
2026-03-11 21:00:11,532 | INFO | Trust scoring completed.
2026-03-11 21:00:11,541 | INFO | Starting preprocessing...
2026-03-11 21:00:11,556 | INFO | Preprocessing completed.
2026-03-11 21:00:11,560 | INFO | Applying feature engineering...
2026-03-11 21:00:11,576 | INFO | Feature engineering done.
2026-03-11 21:00:11,577 | INFO | Applying Trust Engine...
2026-03-11 21:00:11,585 | INFO | Trust scoring completed.
2026-03-11 21:00:11,596 | INFO | Starting preprocessing...
2026-03-11 21:00:11,610 | INFO | Preprocessing completed.
2026-03-11 21:00:11,610 | INFO | Applying feature engineering...
2026-03-11 21:00:11,618 | INFO | Feature engineering done.
2026-03-11 21:00:11,619 | INFO | Applying Trust Engine...
2026-03-11 21:00:11,631 | INFO | Trust scoring completed.
2026-03-11 21:00:11,639 | INFO | Starting preprocessing...
2026-03-11 21:00:11,653 | INFO | Preprocessing completed.
2026-03-11 21:00:11,697 | INFO | Applying feature engineering...
2026-03-11 21:00:11,705 | INFO | Feature engineering done.
2026-03-11 21:00:11,707 | INFO | Applying Trust Engine...
2026-03-11 21:00:11,726 | INFO | Trust scoring completed.
2026-03-11 21:00:11,733 | INFO | Starting preprocessing...
2026-03-11 21:00:11,751 | INFO | Preprocessing completed.
2026-03-11 21:00:11,754 | INFO | Applying feature engineering...
2026-03-11 21:00:11,763 | INFO | Feature engineering done.
2026-03-11 21:00:11,769 | INFO | Applying Trust Engine...
2026-03-11 21:00:11,784 | INFO | Trust scoring completed.
2026-03-11 21:00:11,791 | INFO | Starting preprocessing...
2026-03-11 21:00:11,806 | INFO | Preprocessing completed.
2026-03-11 21:00:11,808 | INFO | Applying feature engineering...
2026-03-11 21:00:11,822 | INFO | Feature engineering done.
2026-03-11 21:00:11,825 | INFO | Applying Trust Engine...
2026-03-11 21:00:11,841 | INFO | Trust scoring completed.
2026-03-11 21:00:11,855 | INFO | Starting preprocessing...
2026-03-11 21:00:11,867 | INFO | Preprocessing completed.
2026-03-11 21:00:11,869 | INFO | Applying feature engineering...
2026-03-11 21:00:11,881 | INFO | Feature engineering done.
2026-03-11 21:00:11,883 | INFO | Applying Trust Engine...
2026-03-11 21:00:11,897 | INFO | Trust scoring completed.
2026-03-11 21:00:11,920 | INFO | Starting preprocessing...
2026-03-11 21:00:11,937 | INFO | Preprocessing completed.
2026-03-11 21:00:11,939 | INFO | Applying feature engineering...
2026-03-11 21:00:11,945 | INFO | Feature engineering done.
2026-03-11 21:00:11,948 | INFO | Applying Trust Engine...
2026-03-11 21:00:11,957 | INFO | Trust scoring completed.
2026-03-11 21:00:11,967 | INFO | Starting preprocessing...
2026-03-11 21:00:11,987 | INFO | Preprocessing completed.
2026-03-11 21:00:11,989 | INFO | Applying feature engineering...
2026-03-11 21:00:11,998 | INFO | Feature engineering done.
2026-03-11 21:00:12,000 | INFO | Applying Trust Engine...
2026-03-11 21:00:12,013 | INFO | Trust scoring completed.
2026-03-11 21:00:12,026 | INFO | Starting preprocessing...
2026-03-11 21:00:12,056 | INFO | Preprocessing completed.
2026-03-11 21:00:12,062 | INFO | Applying feature engineering...
2026-03-11 21:00:12,072 | INFO | Feature engineering done.
2026-03-11 21:00:12,076 | INFO | Applying Trust Engine...
2026-03-11 21:00:12,083 | INFO | Trust scoring completed.
2026-03-11 21:00:12,126 | INFO | Starting preprocessing...
2026-03-11 21:00:12,183 | INFO | Preprocessing completed.
2026-03-11 21:00:12,184 | INFO | Applying feature engineering...
2026-03-11 21:00:12,188 | INFO | Feature engineering done.
2026-03-11 21:00:12,189 | INFO | Applying Trust Engine...
2026-03-11 21:00:12,197 | INFO | Trust scoring completed.
2026-03-11 21:00:12,206 | INFO | Starting preprocessing...
2026-03-11 21:00:12,219 | INFO | Preprocessing completed.
2026-03-11 21:00:12,226 | INFO | Applying feature engineering...
2026-03-11 21:00:12,236 | INFO | Feature engineering done.
2026-03-11 21:00:12,245 | INFO | Applying Trust Engine...
2026-03-11 21:00:12,256 | INFO | Trust scoring completed.
2026-03-11 21:00:12,270 | INFO | Starting preprocessing...
2026-03-11 21:00:12,289 | INFO | Preprocessing completed.
2026-03-11 21:00:12,289 | INFO | Applying feature engineering...
2026-03-11 21:00:12,296 | INFO | Feature engineering done.
2026-03-11 21:00:12,302 | INFO | Applying Trust Engine...
2026-03-11 21:00:12,306 | INFO | Trust scoring completed.
2026-03-11 21:00:12,326 | INFO | Starting preprocessing...
2026-03-11 21:00:12,350 | INFO | Preprocessing completed.
2026-03-11 21:00:12,351 | INFO | Applying feature engineering...
2026-03-11 21:00:12,360 | INFO | Feature engineering done.
2026-03-11 21:00:12,374 | INFO | Applying Trust Engine...
2026-03-11 21:00:12,384 | INFO | Trust scoring completed.
2026-03-11 21:00:12,398 | INFO | Starting preprocessing...
2026-03-11 21:00:12,427 | INFO | Preprocessing completed.
2026-03-11 21:00:12,429 | INFO | Applying feature engineering...
2026-03-11 21:00:12,434 | INFO | Feature engineering done.
2026-03-11 21:00:12,436 | INFO | Applying Trust Engine...
2026-03-11 21:00:12,441 | INFO | Trust scoring completed.
2026-03-11 21:00:12,455 | INFO | Starting preprocessing...
2026-03-11 21:00:12,473 | INFO | Preprocessing completed.
2026-03-11 21:00:12,475 | INFO | Applying feature engineering...
2026-03-11 21:00:12,482 | INFO | Feature engineering done.
2026-03-11 21:00:12,483 | INFO | Applying Trust Engine...
2026-03-11 21:00:12,490 | INFO | Trust scoring completed.
2026-03-11 21:00:12,500 | INFO | Starting preprocessing...
2026-03-11 21:00:12,524 | INFO | Preprocessing completed.
2026-03-11 21:00:12,526 | INFO | Applying feature engineering...
2026-03-11 21:00:12,532 | INFO | Feature engineering done.
2026-03-11 21:00:12,532 | INFO | Applying Trust Engine...
2026-03-11 21:00:12,542 | INFO | Trust scoring completed.
2026-03-11 21:00:12,551 | INFO | Starting preprocessing...
2026-03-11 21:00:12,562 | INFO | Preprocessing completed.
2026-03-11 21:00:12,564 | INFO | Applying feature engineering...
2026-03-11 21:00:12,574 | INFO | Feature engineering done.
2026-03-11 21:00:12,574 | INFO | Applying Trust Engine...
2026-03-11 21:00:12,584 | INFO | Trust scoring completed.
2026-03-11 21:00:12,593 | INFO | Starting preprocessing...
2026-03-11 21:00:12,604 | INFO | Preprocessing completed.
2026-03-11 21:00:12,617 | INFO | Applying feature engineering...
2026-03-11 21:00:12,627 | INFO | Feature engineering done.
2026-03-11 21:00:12,629 | INFO | Applying Trust Engine...
2026-03-11 21:00:12,646 | INFO | Trust scoring completed.
2026-03-11 21:00:12,662 | INFO | Starting preprocessing...
2026-03-11 21:00:12,679 | INFO | Preprocessing completed.
2026-03-11 21:00:12,679 | INFO | Applying feature engineering...
2026-03-11 21:00:12,700 | INFO | Feature engineering done.
2026-03-11 21:00:12,708 | INFO | Applying Trust Engine...
2026-03-11 21:00:12,716 | INFO | Trust scoring completed.
2026-03-11 21:00:12,731 | INFO | Starting preprocessing...
2026-03-11 21:00:12,754 | INFO | Preprocessing completed.
2026-03-11 21:00:12,756 | INFO | Applying feature engineering...
2026-03-11 21:00:12,762 | INFO | Feature engineering done.
2026-03-11 21:00:12,774 | INFO | Applying Trust Engine...
2026-03-11 21:00:12,782 | INFO | Trust scoring completed.
2026-03-11 21:00:12,801 | INFO | Starting preprocessing...
2026-03-11 21:00:12,821 | INFO | Preprocessing completed.
2026-03-11 21:00:12,824 | INFO | Applying feature engineering...
2026-03-11 21:00:12,830 | INFO | Feature engineering done.
2026-03-11 21:00:12,836 | INFO | Applying Trust Engine...
2026-03-11 21:00:12,850 | INFO | Trust scoring completed.
2026-03-11 21:00:12,868 | INFO | Starting preprocessing...
2026-03-11 21:00:12,886 | INFO | Preprocessing completed.
2026-03-11 21:00:12,886 | INFO | Applying feature engineering...
2026-03-11 21:00:12,906 | INFO | Feature engineering done.
2026-03-11 21:00:12,909 | INFO | Applying Trust Engine...
2026-03-11 21:00:12,931 | INFO | Trust scoring completed.
2026-03-11 21:00:12,955 | INFO | Starting preprocessing...
2026-03-11 21:00:12,981 | INFO | Preprocessing completed.
2026-03-11 21:00:12,984 | INFO | Applying feature engineering...
2026-03-11 21:00:12,999 | INFO | Feature engineering done.
2026-03-11 21:00:13,000 | INFO | Applying Trust Engine...
2026-03-11 21:00:13,005 | INFO | Trust scoring completed.
2026-03-11 21:00:13,012 | INFO | Starting preprocessing...
2026-03-11 21:00:13,019 | INFO | Preprocessing completed.
2026-03-11 21:00:13,064 | INFO | Applying feature engineering...
2026-03-11 21:00:13,069 | INFO | Feature engineering done.
2026-03-11 21:00:13,070 | INFO | Applying Trust Engine...
2026-03-11 21:00:13,087 | INFO | Trust scoring completed.
2026-03-11 21:00:13,122 | INFO | Starting preprocessing...
2026-03-11 21:00:13,180 | INFO | Preprocessing completed.
2026-03-11 21:00:13,192 | INFO | Applying feature engineering...
2026-03-11 21:00:13,205 | INFO | Feature engineering done.
2026-03-11 21:00:13,206 | INFO | Applying Trust Engine...
2026-03-11 21:00:13,212 | INFO | Trust scoring completed.
2026-03-11 21:00:13,236 | INFO | Starting preprocessing...
2026-03-11 21:00:13,249 | INFO | Preprocessing completed.
2026-03-11 21:00:13,250 | INFO | Applying feature engineering...
2026-03-11 21:00:13,259 | INFO | Feature engineering done.
2026-03-11 21:00:13,261 | INFO | Applying Trust Engine...
2026-03-11 21:00:13,269 | INFO | Trust scoring completed.
2026-03-11 21:00:13,275 | INFO | Starting preprocessing...
2026-03-11 21:00:13,286 | INFO | Preprocessing completed.
2026-03-11 21:00:13,290 | INFO | Applying feature engineering...
2026-03-11 21:00:13,299 | INFO | Feature engineering done.
2026-03-11 21:00:13,299 | INFO | Applying Trust Engine...
2026-03-11 21:00:13,312 | INFO | Trust scoring completed.
2026-03-11 21:00:13,316 | INFO | Starting preprocessing...
2026-03-11 21:00:13,326 | INFO | Preprocessing completed.
2026-03-11 21:00:13,331 | INFO | Applying feature engineering...
2026-03-11 21:00:13,347 | INFO | Feature engineering done.
2026-03-11 21:00:13,350 | INFO | Applying Trust Engine...
2026-03-11 21:00:13,359 | INFO | Trust scoring completed.
2026-03-11 21:00:13,373 | INFO | Starting preprocessing...
2026-03-11 21:00:13,393 | INFO | Preprocessing completed.
2026-03-11 21:00:13,394 | INFO | Applying feature engineering...
2026-03-11 21:00:13,398 | INFO | Feature engineering done.
2026-03-11 21:00:13,398 | INFO | Applying Trust Engine...
2026-03-11 21:00:13,417 | INFO | Trust scoring completed.
2026-03-11 21:00:13,427 | INFO | Starting preprocessing...
2026-03-11 21:00:13,442 | INFO | Preprocessing completed.
2026-03-11 21:00:13,442 | INFO | Applying feature engineering...
2026-03-11 21:00:13,454 | INFO | Feature engineering done.
2026-03-11 21:00:13,456 | INFO | Applying Trust Engine...
2026-03-11 21:00:13,476 | INFO | Trust scoring completed.
2026-03-11 21:00:18,516 | INFO | Starting preprocessing...
2026-03-11 21:00:18,522 | INFO | Preprocessing completed.
2026-03-11 21:00:18,528 | INFO | Applying feature engineering...
2026-03-11 21:00:18,548 | INFO | Feature engineering done.
2026-03-11 21:00:18,551 | INFO | Applying Trust Engine...
2026-03-11 21:00:18,557 | INFO | Trust scoring completed.
2026-03-11 21:00:18,581 | INFO | Starting preprocessing...
2026-03-11 21:00:18,591 | INFO | Preprocessing completed.
2026-03-11 21:00:18,591 | INFO | Applying feature engineering...
2026-03-11 21:00:18,603 | INFO | Feature engineering done.
2026-03-11 21:00:18,604 | INFO | Applying Trust Engine...
2026-03-11 21:00:18,614 | INFO | Trust scoring completed.
2026-03-11 21:01:19,507 | INFO | Starting preprocessing...
2026-03-11 21:01:19,528 | INFO | Preprocessing completed.
2026-03-11 21:01:19,530 | INFO | Applying feature engineering...
2026-03-11 21:01:19,540 | INFO | Feature engineering done.
2026-03-11 21:01:19,547 | INFO | Applying Trust Engine...
2026-03-11 21:01:19,568 | INFO | Trust scoring completed.
2026-03-11 21:01:19,587 | INFO | Starting preprocessing...
2026-03-11 21:01:19,613 | INFO | Preprocessing completed.
2026-03-11 21:01:19,615 | INFO | Applying feature engineering...
2026-03-11 21:01:19,623 | INFO | Feature engineering done.
2026-03-11 21:01:19,627 | INFO | Applying Trust Engine...
2026-03-11 21:01:19,643 | INFO | Trust scoring completed.
2026-03-11 21:01:19,654 | INFO | Starting preprocessing...
2026-03-11 21:01:19,680 | INFO | Preprocessing completed.
2026-03-11 21:01:19,683 | INFO | Applying feature engineering...
2026-03-11 21:01:19,689 | INFO | Feature engineering done.
2026-03-11 21:01:19,690 | INFO | Applying Trust Engine...
2026-03-11 21:01:19,697 | INFO | Trust scoring completed.
2026-03-11 21:01:19,707 | INFO | Starting preprocessing...
2026-03-11 21:01:19,724 | INFO | Preprocessing completed.
2026-03-11 21:01:19,726 | INFO | Applying feature engineering...
2026-03-11 21:01:19,732 | INFO | Feature engineering done.
2026-03-11 21:01:19,734 | INFO | Applying Trust Engine...
2026-03-11 21:01:19,745 | INFO | Trust scoring completed.
2026-03-11 21:01:19,755 | INFO | Starting preprocessing...
2026-03-11 21:01:19,768 | INFO | Preprocessing completed.
2026-03-11 21:01:19,769 | INFO | Applying feature engineering...
2026-03-11 21:01:19,776 | INFO | Feature engineering done.
2026-03-11 21:01:19,781 | INFO | Applying Trust Engine...
2026-03-11 21:01:19,790 | INFO | Trust scoring completed.
2026-03-11 21:01:19,799 | INFO | Starting preprocessing...
2026-03-11 21:01:19,815 | INFO | Preprocessing completed.
2026-03-11 21:01:19,816 | INFO | Applying feature engineering...
2026-03-11 21:01:19,823 | INFO | Feature engineering done.
2026-03-11 21:01:19,825 | INFO | Applying Trust Engine...
2026-03-11 21:01:19,832 | INFO | Trust scoring completed.
2026-03-11 21:01:19,845 | INFO | Starting preprocessing...
2026-03-11 21:01:19,867 | INFO | Preprocessing completed.
2026-03-11 21:01:19,870 | INFO | Applying feature engineering...
2026-03-11 21:01:19,876 | INFO | Feature engineering done.
2026-03-11 21:01:19,876 | INFO | Applying Trust Engine...
2026-03-11 21:01:19,892 | INFO | Trust scoring completed.
2026-03-11 21:01:19,907 | INFO | Starting preprocessing...
2026-03-11 21:01:19,933 | INFO | Preprocessing completed.
2026-03-11 21:01:19,934 | INFO | Applying feature engineering...
2026-03-11 21:01:19,939 | INFO | Feature engineering done.
2026-03-11 21:01:19,939 | INFO | Applying Trust Engine...
2026-03-11 21:01:19,949 | INFO | Trust scoring completed.
2026-03-11 21:01:19,962 | INFO | Starting preprocessing...
2026-03-11 21:01:19,981 | INFO | Preprocessing completed.
2026-03-11 21:01:19,983 | INFO | Applying feature engineering...
2026-03-11 21:01:19,991 | INFO | Feature engineering done.
2026-03-11 21:01:19,993 | INFO | Applying Trust Engine...
2026-03-11 21:01:20,004 | INFO | Trust scoring completed.
2026-03-11 21:01:20,017 | INFO | Starting preprocessing...
2026-03-11 21:01:20,033 | INFO | Preprocessing completed.
2026-03-11 21:01:20,034 | INFO | Applying feature engineering...
2026-03-11 21:01:20,043 | INFO | Feature engineering done.
2026-03-11 21:01:20,045 | INFO | Applying Trust Engine...
2026-03-11 21:01:20,051 | INFO | Trust scoring completed.
2026-03-11 21:01:20,104 | INFO | Starting preprocessing...
2026-03-11 21:01:20,119 | INFO | Preprocessing completed.
2026-03-11 21:01:20,120 | INFO | Applying feature engineering...
2026-03-11 21:01:20,126 | INFO | Feature engineering done.
2026-03-11 21:01:20,127 | INFO | Applying Trust Engine...
2026-03-11 21:01:20,136 | INFO | Trust scoring completed.
2026-03-11 21:01:20,142 | INFO | Starting preprocessing...
2026-03-11 21:01:20,152 | INFO | Preprocessing completed.
2026-03-11 21:01:20,155 | INFO | Applying feature engineering...
2026-03-11 21:01:20,160 | INFO | Feature engineering done.
2026-03-11 21:01:20,163 | INFO | Applying Trust Engine...
2026-03-11 21:01:20,172 | INFO | Trust scoring completed.
2026-03-11 21:01:20,188 | INFO | Starting preprocessing...
2026-03-11 21:01:20,198 | INFO | Preprocessing completed.
2026-03-11 21:01:20,199 | INFO | Applying feature engineering...
2026-03-11 21:01:20,204 | INFO | Feature engineering done.
2026-03-11 21:01:20,204 | INFO | Applying Trust Engine...
2026-03-11 21:01:20,211 | INFO | Trust scoring completed.
2026-03-11 21:01:20,220 | INFO | Starting preprocessing...
2026-03-11 21:01:20,240 | INFO | Preprocessing completed.
2026-03-11 21:01:20,240 | INFO | Applying feature engineering...
2026-03-11 21:01:20,245 | INFO | Feature engineering done.
2026-03-11 21:01:20,246 | INFO | Applying Trust Engine...
2026-03-11 21:01:20,254 | INFO | Trust scoring completed.
2026-03-11 21:01:20,263 | INFO | Starting preprocessing...
2026-03-11 21:01:20,281 | INFO | Preprocessing completed.
2026-03-11 21:01:20,283 | INFO | Applying feature engineering...
2026-03-11 21:01:20,287 | INFO | Feature engineering done.
2026-03-11 21:01:20,290 | INFO | Applying Trust Engine...
2026-03-11 21:01:20,301 | INFO | Trust scoring completed.
2026-03-11 21:01:20,309 | INFO | Starting preprocessing...
2026-03-11 21:01:20,326 | INFO | Preprocessing completed.
2026-03-11 21:01:20,328 | INFO | Applying feature engineering...
2026-03-11 21:01:20,336 | INFO | Feature engineering done.
2026-03-11 21:01:20,338 | INFO | Applying Trust Engine...
2026-03-11 21:01:20,353 | INFO | Trust scoring completed.
2026-03-11 21:01:20,362 | INFO | Starting preprocessing...
2026-03-11 21:01:20,383 | INFO | Preprocessing completed.
2026-03-11 21:01:20,386 | INFO | Applying feature engineering...
2026-03-11 21:01:20,400 | INFO | Feature engineering done.
2026-03-11 21:01:20,411 | INFO | Applying Trust Engine...
2026-03-11 21:01:20,436 | INFO | Trust scoring completed.
2026-03-11 21:01:20,446 | INFO | Starting preprocessing...
2026-03-11 21:01:20,458 | INFO | Preprocessing completed.
2026-03-11 21:01:20,461 | INFO | Applying feature engineering...
2026-03-11 21:01:20,467 | INFO | Feature engineering done.
2026-03-11 21:01:20,483 | INFO | Applying Trust Engine...
2026-03-11 21:01:20,490 | INFO | Trust scoring completed.
2026-03-11 21:01:20,503 | INFO | Starting preprocessing...
2026-03-11 21:01:20,513 | INFO | Preprocessing completed.
2026-03-11 21:01:20,519 | INFO | Applying feature engineering...
2026-03-11 21:01:20,530 | INFO | Feature engineering done.
2026-03-11 21:01:20,532 | INFO | Applying Trust Engine...
2026-03-11 21:01:20,544 | INFO | Trust scoring completed.
2026-03-11 21:01:20,553 | INFO | Starting preprocessing...
2026-03-11 21:01:20,562 | INFO | Preprocessing completed.
2026-03-11 21:01:20,564 | INFO | Applying feature engineering...
2026-03-11 21:01:20,569 | INFO | Feature engineering done.
2026-03-11 21:01:20,572 | INFO | Applying Trust Engine...
2026-03-11 21:01:20,580 | INFO | Trust scoring completed.
2026-03-11 21:01:20,588 | INFO | Starting preprocessing...
2026-03-11 21:01:20,596 | INFO | Preprocessing completed.
2026-03-11 21:01:20,601 | INFO | Applying feature engineering...
2026-03-11 21:01:20,608 | INFO | Feature engineering done.
2026-03-11 21:01:20,609 | INFO | Applying Trust Engine...
2026-03-11 21:01:20,623 | INFO | Trust scoring completed.
2026-03-11 21:01:20,648 | INFO | Starting preprocessing...
2026-03-11 21:01:20,660 | INFO | Preprocessing completed.
2026-03-11 21:01:20,663 | INFO | Applying feature engineering...
2026-03-11 21:01:20,671 | INFO | Feature engineering done.
2026-03-11 21:01:20,672 | INFO | Applying Trust Engine...
2026-03-11 21:01:20,684 | INFO | Trust scoring completed.
2026-03-11 21:01:20,703 | INFO | Starting preprocessing...
2026-03-11 21:01:20,715 | INFO | Preprocessing completed.
2026-03-11 21:01:20,717 | INFO | Applying feature engineering...
2026-03-11 21:01:20,726 | INFO | Feature engineering done.
2026-03-11 21:01:20,739 | INFO | Applying Trust Engine...
2026-03-11 21:01:20,748 | INFO | Trust scoring completed.
2026-03-11 21:01:20,758 | INFO | Starting preprocessing...
2026-03-11 21:01:20,774 | INFO | Preprocessing completed.
2026-03-11 21:01:20,776 | INFO | Applying feature engineering...
2026-03-11 21:01:20,788 | INFO | Feature engineering done.
2026-03-11 21:01:20,793 | INFO | Applying Trust Engine...
2026-03-11 21:01:20,803 | INFO | Trust scoring completed.
2026-03-11 21:01:20,856 | INFO | Starting preprocessing...
2026-03-11 21:01:20,881 | INFO | Preprocessing completed.
2026-03-11 21:01:20,883 | INFO | Applying feature engineering...
2026-03-11 21:01:20,890 | INFO | Feature engineering done.
2026-03-11 21:01:20,896 | INFO | Applying Trust Engine...
2026-03-11 21:01:20,920 | INFO | Trust scoring completed.
2026-03-11 21:01:20,935 | INFO | Starting preprocessing...
2026-03-11 21:01:20,960 | INFO | Preprocessing completed.
2026-03-11 21:01:20,962 | INFO | Applying feature engineering...
2026-03-11 21:01:20,979 | INFO | Feature engineering done.
2026-03-11 21:01:20,981 | INFO | Applying Trust Engine...
2026-03-11 21:01:20,991 | INFO | Trust scoring completed.
2026-03-11 21:01:21,045 | INFO | Starting preprocessing...
2026-03-11 21:01:21,119 | INFO | Preprocessing completed.
2026-03-11 21:01:21,120 | INFO | Applying feature engineering...
2026-03-11 21:01:21,126 | INFO | Feature engineering done.
2026-03-11 21:01:21,128 | INFO | Applying Trust Engine...
2026-03-11 21:01:21,162 | INFO | Trust scoring completed.
2026-03-11 21:01:21,176 | INFO | Starting preprocessing...
2026-03-11 21:01:21,201 | INFO | Preprocessing completed.
2026-03-11 21:01:21,205 | INFO | Applying feature engineering...
2026-03-11 21:01:21,210 | INFO | Feature engineering done.
2026-03-11 21:01:21,230 | INFO | Applying Trust Engine...
2026-03-11 21:01:21,245 | INFO | Trust scoring completed.
2026-03-11 21:01:21,256 | INFO | Starting preprocessing...
2026-03-11 21:01:21,279 | INFO | Preprocessing completed.
2026-03-11 21:01:21,282 | INFO | Applying feature engineering...
2026-03-11 21:01:21,301 | INFO | Feature engineering done.
2026-03-11 21:01:21,316 | INFO | Applying Trust Engine...
2026-03-11 21:01:21,332 | INFO | Trust scoring completed.
2026-03-11 21:01:21,341 | INFO | Starting preprocessing...
2026-03-11 21:01:21,361 | INFO | Preprocessing completed.
2026-03-11 21:01:21,362 | INFO | Applying feature engineering...
2026-03-11 21:01:21,370 | INFO | Feature engineering done.
2026-03-11 21:01:21,383 | INFO | Applying Trust Engine...
2026-03-11 21:01:21,390 | INFO | Trust scoring completed.
2026-03-11 21:01:21,409 | INFO | Starting preprocessing...
2026-03-11 21:01:21,427 | INFO | Preprocessing completed.
2026-03-11 21:01:21,432 | INFO | Applying feature engineering...
2026-03-11 21:01:21,441 | INFO | Feature engineering done.
2026-03-11 21:01:21,442 | INFO | Applying Trust Engine...
2026-03-11 21:01:21,481 | INFO | Trust scoring completed.
2026-03-11 21:01:21,494 | INFO | Starting preprocessing...
2026-03-11 21:01:21,518 | INFO | Preprocessing completed.
2026-03-11 21:01:21,519 | INFO | Applying feature engineering...
2026-03-11 21:01:21,524 | INFO | Feature engineering done.
2026-03-11 21:01:21,525 | INFO | Applying Trust Engine...
2026-03-11 21:01:21,539 | INFO | Trust scoring completed.
2026-03-11 21:01:21,561 | INFO | Starting preprocessing...
2026-03-11 21:01:21,588 | INFO | Preprocessing completed.
2026-03-11 21:01:21,589 | INFO | Applying feature engineering...
2026-03-11 21:01:21,598 | INFO | Feature engineering done.
2026-03-11 21:01:21,601 | INFO | Applying Trust Engine...
2026-03-11 21:01:21,611 | INFO | Trust scoring completed.
2026-03-11 21:01:21,622 | INFO | Starting preprocessing...
2026-03-11 21:01:21,639 | INFO | Preprocessing completed.
2026-03-11 21:01:21,641 | INFO | Applying feature engineering...
2026-03-11 21:01:21,645 | INFO | Feature engineering done.
2026-03-11 21:01:21,649 | INFO | Applying Trust Engine...
2026-03-11 21:01:21,657 | INFO | Trust scoring completed.
2026-03-11 21:01:21,663 | INFO | Starting preprocessing...
2026-03-11 21:01:21,674 | INFO | Preprocessing completed.
2026-03-11 21:01:21,675 | INFO | Applying feature engineering...
2026-03-11 21:01:21,679 | INFO | Feature engineering done.
2026-03-11 21:01:21,683 | INFO | Applying Trust Engine...
2026-03-11 21:01:21,690 | INFO | Trust scoring completed.
2026-03-11 21:01:21,698 | INFO | Starting preprocessing...
2026-03-11 21:01:21,712 | INFO | Preprocessing completed.
2026-03-11 21:01:21,713 | INFO | Applying feature engineering...
2026-03-11 21:01:21,722 | INFO | Feature engineering done.
2026-03-11 21:01:21,725 | INFO | Applying Trust Engine...
2026-03-11 21:01:21,731 | INFO | Trust scoring completed.
2026-03-11 21:01:21,739 | INFO | Starting preprocessing...
2026-03-11 21:01:21,751 | INFO | Preprocessing completed.
2026-03-11 21:01:21,755 | INFO | Applying feature engineering...
2026-03-11 21:01:21,760 | INFO | Feature engineering done.
2026-03-11 21:01:21,761 | INFO | Applying Trust Engine...
2026-03-11 21:01:21,774 | INFO | Trust scoring completed.
2026-03-11 21:01:21,785 | INFO | Starting preprocessing...
2026-03-11 21:01:21,810 | INFO | Preprocessing completed.
2026-03-11 21:01:21,810 | INFO | Applying feature engineering...
2026-03-11 21:01:21,816 | INFO | Feature engineering done.
2026-03-11 21:01:21,817 | INFO | Applying Trust Engine...
2026-03-11 21:01:21,829 | INFO | Trust scoring completed.
2026-03-11 21:01:21,840 | INFO | Starting preprocessing...
2026-03-11 21:01:21,861 | INFO | Preprocessing completed.
2026-03-11 21:01:21,863 | INFO | Applying feature engineering...
2026-03-11 21:01:21,869 | INFO | Feature engineering done.
2026-03-11 21:01:21,872 | INFO | Applying Trust Engine...
2026-03-11 21:01:21,886 | INFO | Trust scoring completed.
2026-03-11 21:01:21,906 | INFO | Starting preprocessing...
2026-03-11 21:01:21,919 | INFO | Preprocessing completed.
2026-03-11 21:01:21,921 | INFO | Applying feature engineering...
2026-03-11 21:01:21,926 | INFO | Feature engineering done.
2026-03-11 21:01:21,926 | INFO | Applying Trust Engine...
2026-03-11 21:01:21,941 | INFO | Trust scoring completed.
2026-03-11 21:01:21,949 | INFO | Starting preprocessing...
2026-03-11 21:01:21,966 | INFO | Preprocessing completed.
2026-03-11 21:01:21,967 | INFO | Applying feature engineering...
2026-03-11 21:01:21,980 | INFO | Feature engineering done.
2026-03-11 21:01:21,982 | INFO | Applying Trust Engine...
2026-03-11 21:01:21,994 | INFO | Trust scoring completed.
2026-03-11 21:01:22,002 | INFO | Starting preprocessing...
2026-03-11 21:01:22,013 | INFO | Preprocessing completed.
2026-03-11 21:01:22,017 | INFO | Applying feature engineering...
2026-03-11 21:01:22,024 | INFO | Feature engineering done.
2026-03-11 21:01:22,026 | INFO | Applying Trust Engine...
2026-03-11 21:01:22,034 | INFO | Trust scoring completed.
2026-03-11 21:01:22,040 | INFO | Starting preprocessing...
2026-03-11 21:01:22,053 | INFO | Preprocessing completed.
2026-03-11 21:01:22,054 | INFO | Applying feature engineering...
2026-03-11 21:01:22,062 | INFO | Feature engineering done.
2026-03-11 21:01:22,065 | INFO | Applying Trust Engine...
2026-03-11 21:01:22,072 | INFO | Trust scoring completed.
2026-03-11 21:01:22,080 | INFO | Starting preprocessing...
2026-03-11 21:01:22,089 | INFO | Preprocessing completed.
2026-03-11 21:01:22,093 | INFO | Applying feature engineering...
2026-03-11 21:01:22,100 | INFO | Feature engineering done.
2026-03-11 21:01:22,101 | INFO | Applying Trust Engine...
2026-03-11 21:01:22,110 | INFO | Trust scoring completed.
2026-03-11 21:01:22,119 | INFO | Starting preprocessing...
2026-03-11 21:01:22,130 | INFO | Preprocessing completed.
2026-03-11 21:01:22,136 | INFO | Applying feature engineering...
2026-03-11 21:01:22,162 | INFO | Feature engineering done.
2026-03-11 21:01:22,164 | INFO | Applying Trust Engine...
2026-03-11 21:01:22,193 | INFO | Trust scoring completed.
2026-03-11 21:01:22,199 | INFO | Starting preprocessing...
2026-03-11 21:01:22,213 | INFO | Preprocessing completed.
2026-03-11 21:01:22,217 | INFO | Applying feature engineering...
2026-03-11 21:01:22,227 | INFO | Feature engineering done.
2026-03-11 21:01:22,230 | INFO | Applying Trust Engine...
2026-03-11 21:01:22,237 | INFO | Trust scoring completed.
2026-03-11 21:01:22,249 | INFO | Starting preprocessing...
2026-03-11 21:01:22,263 | INFO | Preprocessing completed.
2026-03-11 21:01:22,266 | INFO | Applying feature engineering...
2026-03-11 21:01:22,276 | INFO | Feature engineering done.
2026-03-11 21:01:22,279 | INFO | Applying Trust Engine...
2026-03-11 21:01:22,292 | INFO | Trust scoring completed.
2026-03-11 21:01:22,302 | INFO | Starting preprocessing...
2026-03-11 21:01:22,313 | INFO | Preprocessing completed.
2026-03-11 21:01:22,316 | INFO | Applying feature engineering...
2026-03-11 21:01:22,325 | INFO | Feature engineering done.
2026-03-11 21:01:22,329 | INFO | Applying Trust Engine...
2026-03-11 21:01:22,337 | INFO | Trust scoring completed.
