2026-03-11 20:20:12,225 | INFO | Prediction request received
2026-03-11 20:20:12,690 | INFO | CSV loaded successfully. Shape: (40043, 49)
2026-03-11 20:20:12,698 | INFO | Starting preprocessing...
2026-03-11 20:20:12,903 | INFO | Preprocessing completed.
2026-03-11 20:20:12,918 | INFO | Applying feature engineering...
2026-03-11 20:20:12,941 | INFO | Feature engineering done.
2026-03-11 20:20:12,950 | INFO | Applying Trust Engine...
2026-03-11 20:20:12,963 | INFO | Trust scoring completed.
2026-03-11 20:20:35,414 | INFO | Prediction completed successfully
2026-03-11 20:21:33,980 | INFO | Starting preprocessing...
2026-03-11 20:21:34,029 | INFO | Preprocessing completed.
2026-03-11 20:21:34,033 | INFO | Applying feature engineering...
2026-03-11 20:21:34,040 | INFO | Feature engineering done.
2026-03-11 20:21:34,040 | INFO | Applying Trust Engine...
2026-03-11 20:21:34,048 | INFO | Trust scoring completed.
2026-03-11 20:21:34,112 | INFO | Starting preprocessing...
2026-03-11 20:21:34,145 | INFO | Preprocessing completed.
2026-03-11 20:21:34,146 | INFO | Applying feature engineering...
2026-03-11 20:21:34,152 | INFO | Feature engineering done.
2026-03-11 20:21:34,153 | INFO | Applying Trust Engine...
2026-03-11 20:21:34,172 | INFO | Trust scoring completed.
2026-03-11 20:30:44,261 | INFO | Starting preprocessing...
2026-03-11 20:30:44,273 | INFO | Preprocessing completed.
2026-03-11 20:30:44,276 | INFO | Applying feature engineering...
2026-03-11 20:30:44,296 | INFO | Feature engineering done.
2026-03-11 20:30:44,301 | INFO | Applying Trust Engine...
2026-03-11 20:30:44,317 | INFO | Trust scoring completed.
2026-03-11 20:30:44,342 | INFO | Starting preprocessing...
2026-03-11 20:30:44,358 | INFO | Preprocessing completed.
2026-03-11 20:30:44,360 | INFO | Applying feature engineering...
2026-03-11 20:30:44,369 | INFO | Feature engineering done.
2026-03-11 20:30:44,369 | INFO | Applying Trust Engine...
2026-03-11 20:30:44,377 | INFO | Trust scoring completed.
2026-03-11 20:30:55,771 | INFO | Starting preprocessing...
2026-03-11 20:30:55,822 | INFO | Preprocessing completed.
2026-03-11 20:30:55,822 | INFO | Applying feature engineering...
2026-03-11 20:30:55,830 | INFO | Feature engineering done.
2026-03-11 20:30:55,831 | INFO | Applying Trust Engine...
2026-03-11 20:30:55,851 | INFO | Trust scoring completed.
2026-03-11 20:30:55,885 | INFO | Starting preprocessing...
2026-03-11 20:30:55,911 | INFO | Preprocessing completed.
2026-03-11 20:30:55,913 | INFO | Applying feature engineering...
2026-03-11 20:30:55,917 | INFO | Feature engineering done.
2026-03-11 20:30:55,917 | INFO | Applying Trust Engine...
2026-03-11 20:30:55,933 | INFO | Trust scoring completed.
