2026-03-11 20:35:37,155 - MLProjectLogger - INFO - Starting preprocessing...
2026-03-11 20:35:37,300 - MLProjectLogger - INFO - Preprocessing completed.
2026-03-11 20:35:37,310 - MLProjectLogger - INFO - Applying feature engineering...
2026-03-11 20:35:37,312 - MLProjectLogger - INFO - Feature engineering done.
2026-03-11 20:35:37,321 - MLProjectLogger - INFO - Applying Trust Engine...
2026-03-11 20:35:37,330 - MLProjectLogger - INFO - Trust scoring completed.
2026-03-11 20:36:06,634 - MLProjectLogger - INFO - Starting preprocessing...
2026-03-11 20:36:06,655 - MLProjectLogger - INFO - Preprocessing completed.
2026-03-11 20:36:06,655 - MLProjectLogger - INFO - Applying feature engineering...
2026-03-11 20:36:06,711 - MLProjectLogger - INFO - Feature engineering done.
2026-03-11 20:36:06,711 - MLProjectLogger - INFO - Applying Trust Engine...
2026-03-11 20:36:06,720 - MLProjectLogger - INFO - Trust scoring completed.
2026-03-11 20:36:06,744 - MLProjectLogger - INFO - Starting preprocessing...
2026-03-11 20:36:06,761 - MLProjectLogger - INFO - Preprocessing completed.
2026-03-11 20:36:06,762 - MLProjectLogger - INFO - Applying feature engineering...
2026-03-11 20:36:06,766 - MLProjectLogger - INFO - Feature engineering done.
2026-03-11 20:36:06,771 - MLProjectLogger - INFO - Applying Trust Engine...
2026-03-11 20:36:06,779 - MLProjectLogger - INFO - Trust scoring completed.
2026-03-11 20:37:26,852 - MLProjectLogger - INFO - Starting preprocessing...
2026-03-11 20:37:26,852 - MLProjectLogger - INFO - Starting preprocessing...
2026-03-11 20:37:26,949 - MLProjectLogger - INFO - Preprocessing completed.
2026-03-11 20:37:26,954 - MLProjectLogger - INFO - Applying feature engineering...
2026-03-11 20:37:26,955 - MLProjectLogger - INFO - Preprocessing completed.
2026-03-11 20:37:26,977 - MLProjectLogger - INFO - Feature engineering done.
2026-03-11 20:37:26,977 - MLProjectLogger - INFO - Applying feature engineering...
2026-03-11 20:37:26,982 - MLProjectLogger - INFO - Applying Trust Engine...
2026-03-11 20:37:27,003 - MLProjectLogger - INFO - Trust scoring completed.
2026-03-11 20:37:27,005 - MLProjectLogger - INFO - Feature engineering done.
2026-03-11 20:37:27,012 - MLProjectLogger - INFO - Applying Trust Engine...
2026-03-11 20:37:27,023 - MLProjectLogger - INFO - Trust scoring completed.
2026-03-11 20:37:53,501 - MLProjectLogger - INFO - Starting preprocessing...
2026-03-11 20:37:53,504 - MLProjectLogger - INFO - Starting preprocessing...
2026-03-11 20:37:53,539 - MLProjectLogger - INFO - Preprocessing completed.
2026-03-11 20:37:53,540 - MLProjectLogger - INFO - Preprocessing completed.
2026-03-11 20:37:53,540 - MLProjectLogger - INFO - Applying feature engineering...
2026-03-11 20:37:53,540 - MLProjectLogger - INFO - Applying feature engineering...
2026-03-11 20:37:53,546 - MLProjectLogger - INFO - Feature engineering done.
2026-03-11 20:37:53,560 - MLProjectLogger - INFO - Feature engineering done.
2026-03-11 20:37:53,560 - MLProjectLogger - INFO - Applying Trust Engine...
2026-03-11 20:37:53,560 - MLProjectLogger - INFO - Applying Trust Engine...
2026-03-11 20:37:53,573 - MLProjectLogger - INFO - Trust scoring completed.
2026-03-11 20:37:53,590 - MLProjectLogger - INFO - Trust scoring completed.
2026-03-11 20:39:16,795 - MLProjectLogger - INFO - Starting preprocessing...
2026-03-11 20:39:16,801 - MLProjectLogger - INFO - Starting preprocessing...
2026-03-11 20:39:16,843 - MLProjectLogger - INFO - Preprocessing completed.
2026-03-11 20:39:16,851 - MLProjectLogger - INFO - Applying feature engineering...
2026-03-11 20:39:16,858 - MLProjectLogger - INFO - Preprocessing completed.
2026-03-11 20:39:16,866 - MLProjectLogger - INFO - Feature engineering done.
2026-03-11 20:39:16,866 - MLProjectLogger - INFO - Applying feature engineering...
2026-03-11 20:39:16,872 - MLProjectLogger - INFO - Applying Trust Engine...
2026-03-11 20:39:16,893 - MLProjectLogger - INFO - Feature engineering done.
2026-03-11 20:39:16,903 - MLProjectLogger - INFO - Trust scoring completed.
2026-03-11 20:39:16,903 - MLProjectLogger - INFO - Applying Trust Engine...
2026-03-11 20:39:16,914 - MLProjectLogger - INFO - Trust scoring completed.
