2026-03-11 20:44:21,549 | INFO | Prediction request received
2026-03-11 20:44:21,901 | INFO | CSV loaded successfully. Shape: (40043, 49)
2026-03-11 20:44:21,913 - MLProjectLogger - INFO - Starting preprocessing...
2026-03-11 20:44:21,913 | INFO | Starting preprocessing...
2026-03-11 20:44:22,031 - MLProjectLogger - INFO - Preprocessing completed.
2026-03-11 20:44:22,031 | INFO | Preprocessing completed.
2026-03-11 20:44:22,031 - MLProjectLogger - INFO - Applying feature engineering...
2026-03-11 20:44:22,031 | INFO | Applying feature engineering...
2026-03-11 20:44:22,057 - MLProjectLogger - INFO - Feature engineering done.
2026-03-11 20:44:22,057 | INFO | Feature engineering done.
2026-03-11 20:44:22,057 - MLProjectLogger - INFO - Applying Trust Engine...
2026-03-11 20:44:22,057 | INFO | Applying Trust Engine...
2026-03-11 20:44:22,167 - MLProjectLogger - INFO - Trust scoring completed.
2026-03-11 20:44:22,167 | INFO | Trust scoring completed.
2026-03-11 20:44:44,236 | INFO | Prediction completed successfully
2026-03-11 20:45:11,366 - MLProjectLogger - INFO - Starting preprocessing...
2026-03-11 20:45:11,366 - MLProjectLogger - INFO - Starting preprocessing...
2026-03-11 20:45:11,366 | INFO | Starting preprocessing...
2026-03-11 20:45:11,366 | INFO | Starting preprocessing...
2026-03-11 20:45:11,391 - MLProjectLogger - INFO - Preprocessing completed.
2026-03-11 20:45:11,391 | INFO | Preprocessing completed.
2026-03-11 20:45:11,401 - MLProjectLogger - INFO - Applying feature engineering...
2026-03-11 20:45:11,401 | INFO | Applying feature engineering...
2026-03-11 20:45:11,442 - MLProjectLogger - INFO - Feature engineering done.
2026-03-11 20:45:11,451 - MLProjectLogger - INFO - Preprocessing completed.
2026-03-11 20:45:11,451 - MLProjectLogger - INFO - Applying Trust Engine...
2026-03-11 20:45:11,451 | INFO | Preprocessing completed.
2026-03-11 20:45:11,451 | INFO | Applying Trust Engine...
2026-03-11 20:45:11,456 - MLProjectLogger - INFO - Applying feature engineering...
2026-03-11 20:45:11,456 | INFO | Applying feature engineering...
2026-03-11 20:45:11,485 - MLProjectLogger - INFO - Trust scoring completed.
2026-03-11 20:45:11,492 - MLProjectLogger - INFO - Feature engineering done.
2026-03-11 20:45:11,485 | INFO | Trust scoring completed.
2026-03-11 20:45:11,492 | INFO | Feature engineering done.
2026-03-11 20:45:11,501 - MLProjectLogger - INFO - Applying Trust Engine...
2026-03-11 20:45:11,501 | INFO | Applying Trust Engine...
2026-03-11 20:45:11,507 - MLProjectLogger - INFO - Trust scoring completed.
2026-03-11 20:45:11,507 | INFO | Trust scoring completed.
2026-03-11 20:45:16,851 - MLProjectLogger - INFO - Starting preprocessing...
2026-03-11 20:45:16,851 - MLProjectLogger - INFO - Starting preprocessing...
2026-03-11 20:45:16,851 | INFO | Starting preprocessing...
2026-03-11 20:45:16,851 | INFO | Starting preprocessing...
2026-03-11 20:45:16,897 - MLProjectLogger - INFO - Preprocessing completed.
2026-03-11 20:45:16,897 | INFO | Preprocessing completed.
2026-03-11 20:45:16,900 - MLProjectLogger - INFO - Preprocessing completed.
2026-03-11 20:45:16,900 | INFO | Preprocessing completed.
2026-03-11 20:45:16,900 - MLProjectLogger - INFO - Applying feature engineering...
2026-03-11 20:45:16,900 | INFO | Applying feature engineering...
2026-03-11 20:45:16,900 - MLProjectLogger - INFO - Applying feature engineering...
2026-03-11 20:45:16,900 | INFO | Applying feature engineering...
2026-03-11 20:45:16,913 - MLProjectLogger - INFO - Feature engineering done.
2026-03-11 20:45:16,913 | INFO | Feature engineering done.
2026-03-11 20:45:16,930 - MLProjectLogger - INFO - Feature engineering done.
2026-03-11 20:45:16,933 - MLProjectLogger - INFO - Applying Trust Engine...
2026-03-11 20:45:16,930 | INFO | Feature engineering done.
2026-03-11 20:45:16,933 | INFO | Applying Trust Engine...
2026-03-11 20:45:16,937 - MLProjectLogger - INFO - Applying Trust Engine...
2026-03-11 20:45:16,937 | INFO | Applying Trust Engine...
2026-03-11 20:45:16,967 - MLProjectLogger - INFO - Trust scoring completed.
2026-03-11 20:45:16,967 | INFO | Trust scoring completed.
2026-03-11 20:45:16,972 - MLProjectLogger - INFO - Trust scoring completed.
2026-03-11 20:45:16,972 | INFO | Trust scoring completed.
2026-03-11 20:45:19,256 - MLProjectLogger - INFO - Starting preprocessing...
2026-03-11 20:45:19,257 - MLProjectLogger - INFO - Starting preprocessing...
2026-03-11 20:45:19,256 | INFO | Starting preprocessing...
2026-03-11 20:45:19,257 | INFO | Starting preprocessing...
2026-03-11 20:45:19,316 - MLProjectLogger - INFO - Preprocessing completed.
2026-03-11 20:45:19,319 - MLProjectLogger - INFO - Preprocessing completed.
2026-03-11 20:45:19,316 | INFO | Preprocessing completed.
2026-03-11 20:45:19,319 - MLProjectLogger - INFO - Applying feature engineering...
2026-03-11 20:45:19,319 | INFO | Preprocessing completed.
2026-03-11 20:45:19,319 | INFO | Applying feature engineering...
2026-03-11 20:45:19,319 - MLProjectLogger - INFO - Applying feature engineering...
2026-03-11 20:45:19,319 | INFO | Applying feature engineering...
2026-03-11 20:45:19,325 - MLProjectLogger - INFO - Feature engineering done.
2026-03-11 20:45:19,325 | INFO | Feature engineering done.
2026-03-11 20:45:19,342 - MLProjectLogger - INFO - Applying Trust Engine...
2026-03-11 20:45:19,342 - MLProjectLogger - INFO - Feature engineering done.
2026-03-11 20:45:19,342 | INFO | Applying Trust Engine...
2026-03-11 20:45:19,342 | INFO | Feature engineering done.
2026-03-11 20:45:19,347 - MLProjectLogger - INFO - Applying Trust Engine...
2026-03-11 20:45:19,347 | INFO | Applying Trust Engine...
2026-03-11 20:45:19,355 - MLProjectLogger - INFO - Trust scoring completed.
2026-03-11 20:45:19,355 | INFO | Trust scoring completed.
2026-03-11 20:45:19,371 - MLProjectLogger - INFO - Trust scoring completed.
2026-03-11 20:45:19,371 | INFO | Trust scoring completed.
2026-03-11 20:45:21,592 - MLProjectLogger - INFO - Starting preprocessing...
2026-03-11 20:45:21,594 - MLProjectLogger - INFO - Starting preprocessing...
2026-03-11 20:45:21,592 | INFO | Starting preprocessing...
2026-03-11 20:45:21,594 | INFO | Starting preprocessing...
2026-03-11 20:45:21,656 - MLProjectLogger - INFO - Preprocessing completed.
2026-03-11 20:45:21,656 | INFO | Preprocessing completed.
2026-03-11 20:45:21,666 - MLProjectLogger - INFO - Preprocessing completed.
2026-03-11 20:45:21,668 - MLProjectLogger - INFO - Applying feature engineering...
2026-03-11 20:45:21,666 | INFO | Preprocessing completed.
2026-03-11 20:45:21,668 - MLProjectLogger - INFO - Applying feature engineering...
2026-03-11 20:45:21,668 | INFO | Applying feature engineering...
2026-03-11 20:45:21,668 | INFO | Applying feature engineering...
2026-03-11 20:45:21,676 - MLProjectLogger - INFO - Feature engineering done.
2026-03-11 20:45:21,682 - MLProjectLogger - INFO - Feature engineering done.
2026-03-11 20:45:21,676 | INFO | Feature engineering done.
2026-03-11 20:45:21,682 | INFO | Feature engineering done.
2026-03-11 20:45:21,682 - MLProjectLogger - INFO - Applying Trust Engine...
2026-03-11 20:45:21,682 - MLProjectLogger - INFO - Applying Trust Engine...
2026-03-11 20:45:21,682 | INFO | Applying Trust Engine...
2026-03-11 20:45:21,682 | INFO | Applying Trust Engine...
2026-03-11 20:45:21,696 - MLProjectLogger - INFO - Trust scoring completed.
2026-03-11 20:45:21,696 - MLProjectLogger - INFO - Trust scoring completed.
2026-03-11 20:45:21,696 | INFO | Trust scoring completed.
2026-03-11 20:45:21,696 | INFO | Trust scoring completed.
