2026-03-11 20:59:40,628 - MLProjectLogger - INFO - Starting preprocessing...
2026-03-11 20:59:40,776 - MLProjectLogger - INFO - Preprocessing completed.
2026-03-11 20:59:40,776 - MLProjectLogger - INFO - Applying feature engineering...
2026-03-11 20:59:40,796 - MLProjectLogger - INFO - Feature engineering done.
2026-03-11 20:59:40,802 - MLProjectLogger - INFO - Applying Trust Engine...
2026-03-11 20:59:40,839 - MLProjectLogger - INFO - Trust scoring completed.
2026-03-11 21:00:10,365 - MLProjectLogger - INFO - Starting preprocessing...
2026-03-11 21:00:10,388 - MLProjectLogger - INFO - Preprocessing completed.
2026-03-11 21:00:10,391 - MLProjectLogger - INFO - Applying feature engineering...
2026-03-11 21:00:10,429 - MLProjectLogger - INFO - Feature engineering done.
2026-03-11 21:00:10,429 - MLProjectLogger - INFO - Applying Trust Engine...
2026-03-11 21:00:10,446 - MLProjectLogger - INFO - Trust scoring completed.
2026-03-11 21:00:10,462 - MLProjectLogger - INFO - Starting preprocessing...
2026-03-11 21:00:10,488 - MLProjectLogger - INFO - Preprocessing completed.
2026-03-11 21:00:10,489 - MLProjectLogger - INFO - Applying feature engineering...
2026-03-11 21:00:10,496 - MLProjectLogger - INFO - Feature engineering done.
2026-03-11 21:00:10,503 - MLProjectLogger - INFO - Applying Trust Engine...
2026-03-11 21:00:10,517 - MLProjectLogger - INFO - Trust scoring completed.
2026-03-11 21:00:10,530 - MLProjectLogger - INFO - Starting preprocessing...
2026-03-11 21:00:10,552 - MLProjectLogger - INFO - Preprocessing completed.
2026-03-11 21:00:10,553 - MLProjectLogger - INFO - Applying feature engineering...
2026-03-11 21:00:10,565 - MLProjectLogger - INFO - Feature engineering done.
2026-03-11 21:00:10,566 - MLProjectLogger - INFO - Applying Trust Engine...
2026-03-11 21:00:10,575 - MLProjectLogger - INFO - Trust scoring completed.
2026-03-11 21:00:10,586 - MLProjectLogger - INFO - Starting preprocessing...
2026-03-11 21:00:10,609 - MLProjectLogger - INFO - Preprocessing completed.
2026-03-11 21:00:10,613 - MLProjectLogger - INFO - Applying feature engineering...
2026-03-11 21:00:10,624 - MLProjectLogger - INFO - Feature engineering done.
2026-03-11 21:00:10,625 - MLProjectLogger - INFO - Applying Trust Engine...
2026-03-11 21:00:10,631 - MLProjectLogger - INFO - Trust scoring completed.
2026-03-11 21:00:10,640 - MLProjectLogger - INFO - Starting preprocessing...
2026-03-11 21:00:10,655 - MLProjectLogger - INFO - Preprocessing completed.
2026-03-11 21:00:10,669 - MLProjectLogger - INFO - Applying feature engineering...
2026-03-11 21:00:10,679 - MLProjectLogger - INFO - Feature engineering done.
2026-03-11 21:00:10,683 - MLProjectLogger - INFO - Applying Trust Engine...
2026-03-11 21:00:10,703 - MLProjectLogger - INFO - Trust scoring completed.
2026-03-11 21:00:10,716 - MLProjectLogger - INFO - Starting preprocessing...
2026-03-11 21:00:10,731 - MLProjectLogger - INFO - Preprocessing completed.
2026-03-11 21:00:10,731 - MLProjectLogger - INFO - Applying feature engineering...
2026-03-11 21:00:10,738 - MLProjectLogger - INFO - Feature engineering done.
2026-03-11 21:00:10,739 - MLProjectLogger - INFO - Applying Trust Engine...
2026-03-11 21:00:10,750 - MLProjectLogger - INFO - Trust scoring completed.
2026-03-11 21:00:10,759 - MLProjectLogger - INFO - Starting preprocessing...
2026-03-11 21:00:10,780 - MLProjectLogger - INFO - Preprocessing completed.
2026-03-11 21:00:10,781 - MLProjectLogger - INFO - Applying feature engineering...
2026-03-11 21:00:10,787 - MLProjectLogger - INFO - Feature engineering done.
2026-03-11 21:00:10,787 - MLProjectLogger - INFO - Applying Trust Engine...
2026-03-11 21:00:10,796 - MLProjectLogger - INFO - Trust scoring completed.
2026-03-11 21:00:10,810 - MLProjectLogger - INFO - Starting preprocessing...
2026-03-11 21:00:10,827 - MLProjectLogger - INFO - Preprocessing completed.
2026-03-11 21:00:10,828 - MLProjectLogger - INFO - Applying feature engineering...
2026-03-11 21:00:10,835 - MLProjectLogger - INFO - Feature engineering done.
2026-03-11 21:00:10,835 - MLProjectLogger - INFO - Applying Trust Engine...
2026-03-11 21:00:10,844 - MLProjectLogger - INFO - Trust scoring completed.
2026-03-11 21:00:10,856 - MLProjectLogger - INFO - Starting preprocessing...
2026-03-11 21:00:10,873 - MLProjectLogger - INFO - Preprocessing completed.
2026-03-11 21:00:10,874 - MLProjectLogger - INFO - Applying feature engineering...
2026-03-11 21:00:10,882 - MLProjectLogger - INFO - Feature engineering done.
2026-03-11 21:00:10,883 - MLProjectLogger - INFO - Applying Trust Engine...
2026-03-11 21:00:10,891 - MLProjectLogger - INFO - Trust scoring completed.
2026-03-11 21:00:10,904 - MLProjectLogger - INFO - Starting preprocessing...
2026-03-11 21:00:10,919 - MLProjectLogger - INFO - Preprocessing completed.
2026-03-11 21:00:10,920 - MLProjectLogger - INFO - Applying feature engineering...
2026-03-11 21:00:10,927 - MLProjectLogger - INFO - Feature engineering done.
2026-03-11 21:00:10,928 - MLProjectLogger - INFO - Applying Trust Engine...
2026-03-11 21:00:10,936 - MLProjectLogger - INFO - Trust scoring completed.
2026-03-11 21:00:10,946 - MLProjectLogger - INFO - Starting preprocessing...
2026-03-11 21:00:10,956 - MLProjectLogger - INFO - Preprocessing completed.
2026-03-11 21:00:10,960 - MLProjectLogger - INFO - Applying feature engineering...
2026-03-11 21:00:10,965 - MLProjectLogger - INFO - Feature engineering done.
2026-03-11 21:00:10,968 - MLProjectLogger - INFO - Applying Trust Engine...
2026-03-11 21:00:10,973 - MLProjectLogger - INFO - Trust scoring completed.
2026-03-11 21:00:10,981 - MLProjectLogger - INFO - Starting preprocessing...
2026-03-11 21:00:10,990 - MLProjectLogger - INFO - Preprocessing completed.
2026-03-11 21:00:10,993 - MLProjectLogger - INFO - Applying feature engineering...
2026-03-11 21:00:11,004 - MLProjectLogger - INFO - Feature engineering done.
2026-03-11 21:00:11,009 - MLProjectLogger - INFO - Applying Trust Engine...
2026-03-11 21:00:11,018 - MLProjectLogger - INFO - Trust scoring completed.
2026-03-11 21:00:11,029 - MLProjectLogger - INFO - Starting preprocessing...
2026-03-11 21:00:11,044 - MLProjectLogger - INFO - Preprocessing completed.
2026-03-11 21:00:11,044 - MLProjectLogger - INFO - Applying feature engineering...
2026-03-11 21:00:11,052 - MLProjectLogger - INFO - Feature engineering done.
2026-03-11 21:00:11,055 - MLProjectLogger - INFO - Applying Trust Engine...
2026-03-11 21:00:11,097 - MLProjectLogger - INFO - Trust scoring completed.
2026-03-11 21:00:11,180 - MLProjectLogger - INFO - Starting preprocessing...
2026-03-11 21:00:11,251 - MLProjectLogger - INFO - Preprocessing completed.
2026-03-11 21:00:11,256 - MLProjectLogger - INFO - Applying feature engineering...
2026-03-11 21:00:11,262 - MLProjectLogger - INFO - Feature engineering done.
2026-03-11 21:00:11,262 - MLProjectLogger - INFO - Applying Trust Engine...
2026-03-11 21:00:11,273 - MLProjectLogger - INFO - Trust scoring completed.
2026-03-11 21:00:11,286 - MLProjectLogger - INFO - Starting preprocessing...
2026-03-11 21:00:11,311 - MLProjectLogger - INFO - Preprocessing completed.
2026-03-11 21:00:11,312 - MLProjectLogger - INFO - Applying feature engineering...
2026-03-11 21:00:11,320 - MLProjectLogger - INFO - Feature engineering done.
2026-03-11 21:00:11,324 - MLProjectLogger - INFO - Applying Trust Engine...
2026-03-11 21:00:11,338 - MLProjectLogger - INFO - Trust scoring completed.
2026-03-11 21:00:11,351 - MLProjectLogger - INFO - Starting preprocessing...
2026-03-11 21:00:11,370 - MLProjectLogger - INFO - Preprocessing completed.
2026-03-11 21:00:11,375 - MLProjectLogger - INFO - Applying feature engineering...
2026-03-11 21:00:11,382 - MLProjectLogger - INFO - Feature engineering done.
2026-03-11 21:00:11,385 - MLProjectLogger - INFO - Applying Trust Engine...
2026-03-11 21:00:11,396 - MLProjectLogger - INFO - Trust scoring completed.
2026-03-11 21:00:11,409 - MLProjectLogger - INFO - Starting preprocessing...
2026-03-11 21:00:11,424 - MLProjectLogger - INFO - Preprocessing completed.
2026-03-11 21:00:11,439 - MLProjectLogger - INFO - Applying feature engineering...
2026-03-11 21:00:11,449 - MLProjectLogger - INFO - Feature engineering done.
2026-03-11 21:00:11,449 - MLProjectLogger - INFO - Applying Trust Engine...
2026-03-11 21:00:11,469 - MLProjectLogger - INFO - Trust scoring completed.
2026-03-11 21:00:11,476 - MLProjectLogger - INFO - Starting preprocessing...
2026-03-11 21:00:11,499 - MLProjectLogger - INFO - Preprocessing completed.
2026-03-11 21:00:11,506 - MLProjectLogger - INFO - Applying feature engineering...
2026-03-11 21:00:11,515 - MLProjectLogger - INFO - Feature engineering done.
2026-03-11 21:00:11,521 - MLProjectLogger - INFO - Applying Trust Engine...
2026-03-11 21:00:11,532 - MLProjectLogger - INFO - Trust scoring completed.
2026-03-11 21:00:11,541 - MLProjectLogger - INFO - Starting preprocessing...
2026-03-11 21:00:11,556 - MLProjectLogger - INFO - Preprocessing completed.
2026-03-11 21:00:11,560 - MLProjectLogger - INFO - Applying feature engineering...
2026-03-11 21:00:11,576 - MLProjectLogger - INFO - Feature engineering done.
2026-03-11 21:00:11,577 - MLProjectLogger - INFO - Applying Trust Engine...
2026-03-11 21:00:11,585 - MLProjectLogger - INFO - Trust scoring completed.
2026-03-11 21:00:11,596 - MLProjectLogger - INFO - Starting preprocessing...
2026-03-11 21:00:11,610 - MLProjectLogger - INFO - Preprocessing completed.
2026-03-11 21:00:11,610 - MLProjectLogger - INFO - Applying feature engineering...
2026-03-11 21:00:11,618 - MLProjectLogger - INFO - Feature engineering done.
2026-03-11 21:00:11,619 - MLProjectLogger - INFO - Applying Trust Engine...
2026-03-11 21:00:11,631 - MLProjectLogger - INFO - Trust scoring completed.
2026-03-11 21:00:11,639 - MLProjectLogger - INFO - Starting preprocessing...
2026-03-11 21:00:11,653 - MLProjectLogger - INFO - Preprocessing completed.
2026-03-11 21:00:11,697 - MLProjectLogger - INFO - Applying feature engineering...
2026-03-11 21:00:11,705 - MLProjectLogger - INFO - Feature engineering done.
2026-03-11 21:00:11,707 - MLProjectLogger - INFO - Applying Trust Engine...
2026-03-11 21:00:11,726 - MLProjectLogger - INFO - Trust scoring completed.
2026-03-11 21:00:11,733 - MLProjectLogger - INFO - Starting preprocessing...
2026-03-11 21:00:11,751 - MLProjectLogger - INFO - Preprocessing completed.
2026-03-11 21:00:11,754 - MLProjectLogger - INFO - Applying feature engineering...
2026-03-11 21:00:11,763 - MLProjectLogger - INFO - Feature engineering done.
2026-03-11 21:00:11,769 - MLProjectLogger - INFO - Applying Trust Engine...
2026-03-11 21:00:11,784 - MLProjectLogger - INFO - Trust scoring completed.
2026-03-11 21:00:11,791 - MLProjectLogger - INFO - Starting preprocessing...
2026-03-11 21:00:11,806 - MLProjectLogger - INFO - Preprocessing completed.
2026-03-11 21:00:11,808 - MLProjectLogger - INFO - Applying feature engineering...
2026-03-11 21:00:11,822 - MLProjectLogger - INFO - Feature engineering done.
2026-03-11 21:00:11,825 - MLProjectLogger - INFO - Applying Trust Engine...
2026-03-11 21:00:11,841 - MLProjectLogger - INFO - Trust scoring completed.
2026-03-11 21:00:11,855 - MLProjectLogger - INFO - Starting preprocessing...
2026-03-11 21:00:11,867 - MLProjectLogger - INFO - Preprocessing completed.
2026-03-11 21:00:11,869 - MLProjectLogger - INFO - Applying feature engineering...
2026-03-11 21:00:11,881 - MLProjectLogger - INFO - Feature engineering done.
2026-03-11 21:00:11,883 - MLProjectLogger - INFO - Applying Trust Engine...
2026-03-11 21:00:11,897 - MLProjectLogger - INFO - Trust scoring completed.
2026-03-11 21:00:11,920 - MLProjectLogger - INFO - Starting preprocessing...
2026-03-11 21:00:11,937 - MLProjectLogger - INFO - Preprocessing completed.
2026-03-11 21:00:11,939 - MLProjectLogger - INFO - Applying feature engineering...
2026-03-11 21:00:11,945 - MLProjectLogger - INFO - Feature engineering done.
2026-03-11 21:00:11,948 - MLProjectLogger - INFO - Applying Trust Engine...
2026-03-11 21:00:11,957 - MLProjectLogger - INFO - Trust scoring completed.
2026-03-11 21:00:11,967 - MLProjectLogger - INFO - Starting preprocessing...
2026-03-11 21:00:11,987 - MLProjectLogger - INFO - Preprocessing completed.
2026-03-11 21:00:11,989 - MLProjectLogger - INFO - Applying feature engineering...
2026-03-11 21:00:11,998 - MLProjectLogger - INFO - Feature engineering done.
2026-03-11 21:00:12,000 - MLProjectLogger - INFO - Applying Trust Engine...
2026-03-11 21:00:12,013 - MLProjectLogger - INFO - Trust scoring completed.
2026-03-11 21:00:12,026 - MLProjectLogger - INFO - Starting preprocessing...
2026-03-11 21:00:12,056 - MLProjectLogger - INFO - Preprocessing completed.
2026-03-11 21:00:12,062 - MLProjectLogger - INFO - Applying feature engineering...
2026-03-11 21:00:12,072 - MLProjectLogger - INFO - Feature engineering done.
2026-03-11 21:00:12,076 - MLProjectLogger - INFO - Applying Trust Engine...
2026-03-11 21:00:12,083 - MLProjectLogger - INFO - Trust scoring completed.
2026-03-11 21:00:12,126 - MLProjectLogger - INFO - Starting preprocessing...
2026-03-11 21:00:12,183 - MLProjectLogger - INFO - Preprocessing completed.
2026-03-11 21:00:12,184 - MLProjectLogger - INFO - Applying feature engineering...
2026-03-11 21:00:12,188 - MLProjectLogger - INFO - Feature engineering done.
2026-03-11 21:00:12,189 - MLProjectLogger - INFO - Applying Trust Engine...
2026-03-11 21:00:12,197 - MLProjectLogger - INFO - Trust scoring completed.
2026-03-11 21:00:12,206 - MLProjectLogger - INFO - Starting preprocessing...
2026-03-11 21:00:12,219 - MLProjectLogger - INFO - Preprocessing completed.
2026-03-11 21:00:12,226 - MLProjectLogger - INFO - Applying feature engineering...
2026-03-11 21:00:12,236 - MLProjectLogger - INFO - Feature engineering done.
2026-03-11 21:00:12,245 - MLProjectLogger - INFO - Applying Trust Engine...
2026-03-11 21:00:12,256 - MLProjectLogger - INFO - Trust scoring completed.
2026-03-11 21:00:12,270 - MLProjectLogger - INFO - Starting preprocessing...
2026-03-11 21:00:12,289 - MLProjectLogger - INFO - Preprocessing completed.
2026-03-11 21:00:12,289 - MLProjectLogger - INFO - Applying feature engineering...
2026-03-11 21:00:12,296 - MLProjectLogger - INFO - Feature engineering done.
2026-03-11 21:00:12,302 - MLProjectLogger - INFO - Applying Trust Engine...
2026-03-11 21:00:12,306 - MLProjectLogger - INFO - Trust scoring completed.
2026-03-11 21:00:12,326 - MLProjectLogger - INFO - Starting preprocessing...
2026-03-11 21:00:12,350 - MLProjectLogger - INFO - Preprocessing completed.
2026-03-11 21:00:12,351 - MLProjectLogger - INFO - Applying feature engineering...
2026-03-11 21:00:12,360 - MLProjectLogger - INFO - Feature engineering done.
2026-03-11 21:00:12,374 - MLProjectLogger - INFO - Applying Trust Engine...
2026-03-11 21:00:12,384 - MLProjectLogger - INFO - Trust scoring completed.
2026-03-11 21:00:12,398 - MLProjectLogger - INFO - Starting preprocessing...
2026-03-11 21:00:12,427 - MLProjectLogger - INFO - Preprocessing completed.
2026-03-11 21:00:12,429 - MLProjectLogger - INFO - Applying feature engineering...
2026-03-11 21:00:12,434 - MLProjectLogger - INFO - Feature engineering done.
2026-03-11 21:00:12,436 - MLProjectLogger - INFO - Applying Trust Engine...
2026-03-11 21:00:12,441 - MLProjectLogger - INFO - Trust scoring completed.
2026-03-11 21:00:12,455 - MLProjectLogger - INFO - Starting preprocessing...
2026-03-11 21:00:12,473 - MLProjectLogger - INFO - Preprocessing completed.
2026-03-11 21:00:12,475 - MLProjectLogger - INFO - Applying feature engineering...
2026-03-11 21:00:12,482 - MLProjectLogger - INFO - Feature engineering done.
2026-03-11 21:00:12,483 - MLProjectLogger - INFO - Applying Trust Engine...
2026-03-11 21:00:12,490 - MLProjectLogger - INFO - Trust scoring completed.
2026-03-11 21:00:12,500 - MLProjectLogger - INFO - Starting preprocessing...
2026-03-11 21:00:12,524 - MLProjectLogger - INFO - Preprocessing completed.
2026-03-11 21:00:12,526 - MLProjectLogger - INFO - Applying feature engineering...
2026-03-11 21:00:12,532 - MLProjectLogger - INFO - Feature engineering done.
2026-03-11 21:00:12,532 - MLProjectLogger - INFO - Applying Trust Engine...
2026-03-11 21:00:12,542 - MLProjectLogger - INFO - Trust scoring completed.
2026-03-11 21:00:12,551 - MLProjectLogger - INFO - Starting preprocessing...
2026-03-11 21:00:12,562 - MLProjectLogger - INFO - Preprocessing completed.
2026-03-11 21:00:12,564 - MLProjectLogger - INFO - Applying feature engineering...
2026-03-11 21:00:12,574 - MLProjectLogger - INFO - Feature engineering done.
2026-03-11 21:00:12,574 - MLProjectLogger - INFO - Applying Trust Engine...
2026-03-11 21:00:12,584 - MLProjectLogger - INFO - Trust scoring completed.
2026-03-11 21:00:12,593 - MLProjectLogger - INFO - Starting preprocessing...
2026-03-11 21:00:12,604 - MLProjectLogger - INFO - Preprocessing completed.
2026-03-11 21:00:12,617 - MLProjectLogger - INFO - Applying feature engineering...
2026-03-11 21:00:12,627 - MLProjectLogger - INFO - Feature engineering done.
2026-03-11 21:00:12,629 - MLProjectLogger - INFO - Applying Trust Engine...
2026-03-11 21:00:12,646 - MLProjectLogger - INFO - Trust scoring completed.
2026-03-11 21:00:12,662 - MLProjectLogger - INFO - Starting preprocessing...
2026-03-11 21:00:12,679 - MLProjectLogger - INFO - Preprocessing completed.
2026-03-11 21:00:12,679 - MLProjectLogger - INFO - Applying feature engineering...
2026-03-11 21:00:12,700 - MLProjectLogger - INFO - Feature engineering done.
2026-03-11 21:00:12,708 - MLProjectLogger - INFO - Applying Trust Engine...
2026-03-11 21:00:12,716 - MLProjectLogger - INFO - Trust scoring completed.
2026-03-11 21:00:12,731 - MLProjectLogger - INFO - Starting preprocessing...
2026-03-11 21:00:12,754 - MLProjectLogger - INFO - Preprocessing completed.
2026-03-11 21:00:12,756 - MLProjectLogger - INFO - Applying feature engineering...
2026-03-11 21:00:12,762 - MLProjectLogger - INFO - Feature engineering done.
2026-03-11 21:00:12,774 - MLProjectLogger - INFO - Applying Trust Engine...
2026-03-11 21:00:12,782 - MLProjectLogger - INFO - Trust scoring completed.
2026-03-11 21:00:12,801 - MLProjectLogger - INFO - Starting preprocessing...
2026-03-11 21:00:12,821 - MLProjectLogger - INFO - Preprocessing completed.
2026-03-11 21:00:12,824 - MLProjectLogger - INFO - Applying feature engineering...
2026-03-11 21:00:12,830 - MLProjectLogger - INFO - Feature engineering done.
2026-03-11 21:00:12,836 - MLProjectLogger - INFO - Applying Trust Engine...
2026-03-11 21:00:12,850 - MLProjectLogger - INFO - Trust scoring completed.
2026-03-11 21:00:12,868 - MLProjectLogger - INFO - Starting preprocessing...
2026-03-11 21:00:12,886 - MLProjectLogger - INFO - Preprocessing completed.
2026-03-11 21:00:12,886 - MLProjectLogger - INFO - Applying feature engineering...
2026-03-11 21:00:12,906 - MLProjectLogger - INFO - Feature engineering done.
2026-03-11 21:00:12,909 - MLProjectLogger - INFO - Applying Trust Engine...
2026-03-11 21:00:12,931 - MLProjectLogger - INFO - Trust scoring completed.
2026-03-11 21:00:12,955 - MLProjectLogger - INFO - Starting preprocessing...
2026-03-11 21:00:12,981 - MLProjectLogger - INFO - Preprocessing completed.
2026-03-11 21:00:12,984 - MLProjectLogger - INFO - Applying feature engineering...
2026-03-11 21:00:12,999 - MLProjectLogger - INFO - Feature engineering done.
2026-03-11 21:00:13,000 - MLProjectLogger - INFO - Applying Trust Engine...
2026-03-11 21:00:13,005 - MLProjectLogger - INFO - Trust scoring completed.
2026-03-11 21:00:13,012 - MLProjectLogger - INFO - Starting preprocessing...
2026-03-11 21:00:13,019 - MLProjectLogger - INFO - Preprocessing completed.
2026-03-11 21:00:13,064 - MLProjectLogger - INFO - Applying feature engineering...
2026-03-11 21:00:13,069 - MLProjectLogger - INFO - Feature engineering done.
2026-03-11 21:00:13,070 - MLProjectLogger - INFO - Applying Trust Engine...
2026-03-11 21:00:13,087 - MLProjectLogger - INFO - Trust scoring completed.
2026-03-11 21:00:13,122 - MLProjectLogger - INFO - Starting preprocessing...
2026-03-11 21:00:13,180 - MLProjectLogger - INFO - Preprocessing completed.
2026-03-11 21:00:13,192 - MLProjectLogger - INFO - Applying feature engineering...
2026-03-11 21:00:13,205 - MLProjectLogger - INFO - Feature engineering done.
2026-03-11 21:00:13,206 - MLProjectLogger - INFO - Applying Trust Engine...
2026-03-11 21:00:13,212 - MLProjectLogger - INFO - Trust scoring completed.
2026-03-11 21:00:13,236 - MLProjectLogger - INFO - Starting preprocessing...
2026-03-11 21:00:13,249 - MLProjectLogger - INFO - Preprocessing completed.
2026-03-11 21:00:13,250 - MLProjectLogger - INFO - Applying feature engineering...
2026-03-11 21:00:13,259 - MLProjectLogger - INFO - Feature engineering done.
2026-03-11 21:00:13,261 - MLProjectLogger - INFO - Applying Trust Engine...
2026-03-11 21:00:13,269 - MLProjectLogger - INFO - Trust scoring completed.
2026-03-11 21:00:13,275 - MLProjectLogger - INFO - Starting preprocessing...
2026-03-11 21:00:13,286 - MLProjectLogger - INFO - Preprocessing completed.
2026-03-11 21:00:13,290 - MLProjectLogger - INFO - Applying feature engineering...
2026-03-11 21:00:13,299 - MLProjectLogger - INFO - Feature engineering done.
2026-03-11 21:00:13,299 - MLProjectLogger - INFO - Applying Trust Engine...
2026-03-11 21:00:13,312 - MLProjectLogger - INFO - Trust scoring completed.
2026-03-11 21:00:13,316 - MLProjectLogger - INFO - Starting preprocessing...
2026-03-11 21:00:13,326 - MLProjectLogger - INFO - Preprocessing completed.
2026-03-11 21:00:13,331 - MLProjectLogger - INFO - Applying feature engineering...
2026-03-11 21:00:13,347 - MLProjectLogger - INFO - Feature engineering done.
2026-03-11 21:00:13,350 - MLProjectLogger - INFO - Applying Trust Engine...
2026-03-11 21:00:13,359 - MLProjectLogger - INFO - Trust scoring completed.
2026-03-11 21:00:13,373 - MLProjectLogger - INFO - Starting preprocessing...
2026-03-11 21:00:13,393 - MLProjectLogger - INFO - Preprocessing completed.
2026-03-11 21:00:13,394 - MLProjectLogger - INFO - Applying feature engineering...
2026-03-11 21:00:13,398 - MLProjectLogger - INFO - Feature engineering done.
2026-03-11 21:00:13,398 - MLProjectLogger - INFO - Applying Trust Engine...
2026-03-11 21:00:13,417 - MLProjectLogger - INFO - Trust scoring completed.
2026-03-11 21:00:13,427 - MLProjectLogger - INFO - Starting preprocessing...
2026-03-11 21:00:13,442 - MLProjectLogger - INFO - Preprocessing completed.
2026-03-11 21:00:13,442 - MLProjectLogger - INFO - Applying feature engineering...
2026-03-11 21:00:13,454 - MLProjectLogger - INFO - Feature engineering done.
2026-03-11 21:00:13,456 - MLProjectLogger - INFO - Applying Trust Engine...
2026-03-11 21:00:13,476 - MLProjectLogger - INFO - Trust scoring completed.
2026-03-11 21:00:18,516 - MLProjectLogger - INFO - Starting preprocessing...
2026-03-11 21:00:18,522 - MLProjectLogger - INFO - Preprocessing completed.
2026-03-11 21:00:18,528 - MLProjectLogger - INFO - Applying feature engineering...
2026-03-11 21:00:18,548 - MLProjectLogger - INFO - Feature engineering done.
2026-03-11 21:00:18,551 - MLProjectLogger - INFO - Applying Trust Engine...
2026-03-11 21:00:18,557 - MLProjectLogger - INFO - Trust scoring completed.
2026-03-11 21:00:18,581 - MLProjectLogger - INFO - Starting preprocessing...
2026-03-11 21:00:18,591 - MLProjectLogger - INFO - Preprocessing completed.
2026-03-11 21:00:18,591 - MLProjectLogger - INFO - Applying feature engineering...
2026-03-11 21:00:18,603 - MLProjectLogger - INFO - Feature engineering done.
2026-03-11 21:00:18,604 - MLProjectLogger - INFO - Applying Trust Engine...
2026-03-11 21:00:18,614 - MLProjectLogger - INFO - Trust scoring completed.
2026-03-11 21:01:19,507 - MLProjectLogger - INFO - Starting preprocessing...
2026-03-11 21:01:19,528 - MLProjectLogger - INFO - Preprocessing completed.
2026-03-11 21:01:19,530 - MLProjectLogger - INFO - Applying feature engineering...
2026-03-11 21:01:19,540 - MLProjectLogger - INFO - Feature engineering done.
2026-03-11 21:01:19,547 - MLProjectLogger - INFO - Applying Trust Engine...
2026-03-11 21:01:19,568 - MLProjectLogger - INFO - Trust scoring completed.
2026-03-11 21:01:19,587 - MLProjectLogger - INFO - Starting preprocessing...
2026-03-11 21:01:19,613 - MLProjectLogger - INFO - Preprocessing completed.
2026-03-11 21:01:19,615 - MLProjectLogger - INFO - Applying feature engineering...
2026-03-11 21:01:19,623 - MLProjectLogger - INFO - Feature engineering done.
2026-03-11 21:01:19,627 - MLProjectLogger - INFO - Applying Trust Engine...
2026-03-11 21:01:19,643 - MLProjectLogger - INFO - Trust scoring completed.
2026-03-11 21:01:19,654 - MLProjectLogger - INFO - Starting preprocessing...
2026-03-11 21:01:19,680 - MLProjectLogger - INFO - Preprocessing completed.
2026-03-11 21:01:19,683 - MLProjectLogger - INFO - Applying feature engineering...
2026-03-11 21:01:19,689 - MLProjectLogger - INFO - Feature engineering done.
2026-03-11 21:01:19,690 - MLProjectLogger - INFO - Applying Trust Engine...
2026-03-11 21:01:19,697 - MLProjectLogger - INFO - Trust scoring completed.
2026-03-11 21:01:19,707 - MLProjectLogger - INFO - Starting preprocessing...
2026-03-11 21:01:19,724 - MLProjectLogger - INFO - Preprocessing completed.
2026-03-11 21:01:19,726 - MLProjectLogger - INFO - Applying feature engineering...
2026-03-11 21:01:19,732 - MLProjectLogger - INFO - Feature engineering done.
2026-03-11 21:01:19,734 - MLProjectLogger - INFO - Applying Trust Engine...
2026-03-11 21:01:19,745 - MLProjectLogger - INFO - Trust scoring completed.
2026-03-11 21:01:19,755 - MLProjectLogger - INFO - Starting preprocessing...
2026-03-11 21:01:19,768 - MLProjectLogger - INFO - Preprocessing completed.
2026-03-11 21:01:19,769 - MLProjectLogger - INFO - Applying feature engineering...
2026-03-11 21:01:19,776 - MLProjectLogger - INFO - Feature engineering done.
2026-03-11 21:01:19,781 - MLProjectLogger - INFO - Applying Trust Engine...
2026-03-11 21:01:19,790 - MLProjectLogger - INFO - Trust scoring completed.
2026-03-11 21:01:19,799 - MLProjectLogger - INFO - Starting preprocessing...
2026-03-11 21:01:19,815 - MLProjectLogger - INFO - Preprocessing completed.
2026-03-11 21:01:19,816 - MLProjectLogger - INFO - Applying feature engineering...
2026-03-11 21:01:19,823 - MLProjectLogger - INFO - Feature engineering done.
2026-03-11 21:01:19,825 - MLProjectLogger - INFO - Applying Trust Engine...
2026-03-11 21:01:19,832 - MLProjectLogger - INFO - Trust scoring completed.
2026-03-11 21:01:19,845 - MLProjectLogger - INFO - Starting preprocessing...
2026-03-11 21:01:19,867 - MLProjectLogger - INFO - Preprocessing completed.
2026-03-11 21:01:19,870 - MLProjectLogger - INFO - Applying feature engineering...
2026-03-11 21:01:19,876 - MLProjectLogger - INFO - Feature engineering done.
2026-03-11 21:01:19,876 - MLProjectLogger - INFO - Applying Trust Engine...
2026-03-11 21:01:19,892 - MLProjectLogger - INFO - Trust scoring completed.
2026-03-11 21:01:19,907 - MLProjectLogger - INFO - Starting preprocessing...
2026-03-11 21:01:19,933 - MLProjectLogger - INFO - Preprocessing completed.
2026-03-11 21:01:19,934 - MLProjectLogger - INFO - Applying feature engineering...
2026-03-11 21:01:19,939 - MLProjectLogger - INFO - Feature engineering done.
2026-03-11 21:01:19,939 - MLProjectLogger - INFO - Applying Trust Engine...
2026-03-11 21:01:19,949 - MLProjectLogger - INFO - Trust scoring completed.
2026-03-11 21:01:19,962 - MLProjectLogger - INFO - Starting preprocessing...
2026-03-11 21:01:19,981 - MLProjectLogger - INFO - Preprocessing completed.
2026-03-11 21:01:19,983 - MLProjectLogger - INFO - Applying feature engineering...
2026-03-11 21:01:19,991 - MLProjectLogger - INFO - Feature engineering done.
2026-03-11 21:01:19,993 - MLProjectLogger - INFO - Applying Trust Engine...
2026-03-11 21:01:20,004 - MLProjectLogger - INFO - Trust scoring completed.
2026-03-11 21:01:20,017 - MLProjectLogger - INFO - Starting preprocessing...
2026-03-11 21:01:20,033 - MLProjectLogger - INFO - Preprocessing completed.
2026-03-11 21:01:20,034 - MLProjectLogger - INFO - Applying feature engineering...
2026-03-11 21:01:20,043 - MLProjectLogger - INFO - Feature engineering done.
2026-03-11 21:01:20,045 - MLProjectLogger - INFO - Applying Trust Engine...
2026-03-11 21:01:20,051 - MLProjectLogger - INFO - Trust scoring completed.
2026-03-11 21:01:20,104 - MLProjectLogger - INFO - Starting preprocessing...
2026-03-11 21:01:20,119 - MLProjectLogger - INFO - Preprocessing completed.
2026-03-11 21:01:20,120 - MLProjectLogger - INFO - Applying feature engineering...
2026-03-11 21:01:20,126 - MLProjectLogger - INFO - Feature engineering done.
2026-03-11 21:01:20,127 - MLProjectLogger - INFO - Applying Trust Engine...
2026-03-11 21:01:20,136 - MLProjectLogger - INFO - Trust scoring completed.
2026-03-11 21:01:20,142 - MLProjectLogger - INFO - Starting preprocessing...
2026-03-11 21:01:20,152 - MLProjectLogger - INFO - Preprocessing completed.
2026-03-11 21:01:20,155 - MLProjectLogger - INFO - Applying feature engineering...
2026-03-11 21:01:20,160 - MLProjectLogger - INFO - Feature engineering done.
2026-03-11 21:01:20,163 - MLProjectLogger - INFO - Applying Trust Engine...
2026-03-11 21:01:20,172 - MLProjectLogger - INFO - Trust scoring completed.
2026-03-11 21:01:20,188 - MLProjectLogger - INFO - Starting preprocessing...
2026-03-11 21:01:20,198 - MLProjectLogger - INFO - Preprocessing completed.
2026-03-11 21:01:20,199 - MLProjectLogger - INFO - Applying feature engineering...
2026-03-11 21:01:20,204 - MLProjectLogger - INFO - Feature engineering done.
2026-03-11 21:01:20,204 - MLProjectLogger - INFO - Applying Trust Engine...
2026-03-11 21:01:20,211 - MLProjectLogger - INFO - Trust scoring completed.
2026-03-11 21:01:20,220 - MLProjectLogger - INFO - Starting preprocessing...
2026-03-11 21:01:20,240 - MLProjectLogger - INFO - Preprocessing completed.
2026-03-11 21:01:20,240 - MLProjectLogger - INFO - Applying feature engineering...
2026-03-11 21:01:20,245 - MLProjectLogger - INFO - Feature engineering done.
2026-03-11 21:01:20,246 - MLProjectLogger - INFO - Applying Trust Engine...
2026-03-11 21:01:20,254 - MLProjectLogger - INFO - Trust scoring completed.
2026-03-11 21:01:20,263 - MLProjectLogger - INFO - Starting preprocessing...
2026-03-11 21:01:20,281 - MLProjectLogger - INFO - Preprocessing completed.
2026-03-11 21:01:20,283 - MLProjectLogger - INFO - Applying feature engineering...
2026-03-11 21:01:20,287 - MLProjectLogger - INFO - Feature engineering done.
2026-03-11 21:01:20,290 - MLProjectLogger - INFO - Applying Trust Engine...
2026-03-11 21:01:20,301 - MLProjectLogger - INFO - Trust scoring completed.
2026-03-11 21:01:20,309 - MLProjectLogger - INFO - Starting preprocessing...
2026-03-11 21:01:20,326 - MLProjectLogger - INFO - Preprocessing completed.
2026-03-11 21:01:20,328 - MLProjectLogger - INFO - Applying feature engineering...
2026-03-11 21:01:20,336 - MLProjectLogger - INFO - Feature engineering done.
2026-03-11 21:01:20,338 - MLProjectLogger - INFO - Applying Trust Engine...
2026-03-11 21:01:20,353 - MLProjectLogger - INFO - Trust scoring completed.
2026-03-11 21:01:20,362 - MLProjectLogger - INFO - Starting preprocessing...
2026-03-11 21:01:20,383 - MLProjectLogger - INFO - Preprocessing completed.
2026-03-11 21:01:20,386 - MLProjectLogger - INFO - Applying feature engineering...
2026-03-11 21:01:20,400 - MLProjectLogger - INFO - Feature engineering done.
2026-03-11 21:01:20,411 - MLProjectLogger - INFO - Applying Trust Engine...
2026-03-11 21:01:20,436 - MLProjectLogger - INFO - Trust scoring completed.
2026-03-11 21:01:20,446 - MLProjectLogger - INFO - Starting preprocessing...
2026-03-11 21:01:20,458 - MLProjectLogger - INFO - Preprocessing completed.
2026-03-11 21:01:20,461 - MLProjectLogger - INFO - Applying feature engineering...
2026-03-11 21:01:20,467 - MLProjectLogger - INFO - Feature engineering done.
2026-03-11 21:01:20,483 - MLProjectLogger - INFO - Applying Trust Engine...
2026-03-11 21:01:20,490 - MLProjectLogger - INFO - Trust scoring completed.
2026-03-11 21:01:20,503 - MLProjectLogger - INFO - Starting preprocessing...
2026-03-11 21:01:20,513 - MLProjectLogger - INFO - Preprocessing completed.
2026-03-11 21:01:20,519 - MLProjectLogger - INFO - Applying feature engineering...
2026-03-11 21:01:20,530 - MLProjectLogger - INFO - Feature engineering done.
2026-03-11 21:01:20,532 - MLProjectLogger - INFO - Applying Trust Engine...
2026-03-11 21:01:20,544 - MLProjectLogger - INFO - Trust scoring completed.
2026-03-11 21:01:20,553 - MLProjectLogger - INFO - Starting preprocessing...
2026-03-11 21:01:20,562 - MLProjectLogger - INFO - Preprocessing completed.
2026-03-11 21:01:20,564 - MLProjectLogger - INFO - Applying feature engineering...
2026-03-11 21:01:20,569 - MLProjectLogger - INFO - Feature engineering done.
2026-03-11 21:01:20,572 - MLProjectLogger - INFO - Applying Trust Engine...
2026-03-11 21:01:20,580 - MLProjectLogger - INFO - Trust scoring completed.
2026-03-11 21:01:20,588 - MLProjectLogger - INFO - Starting preprocessing...
2026-03-11 21:01:20,596 - MLProjectLogger - INFO - Preprocessing completed.
2026-03-11 21:01:20,601 - MLProjectLogger - INFO - Applying feature engineering...
2026-03-11 21:01:20,608 - MLProjectLogger - INFO - Feature engineering done.
2026-03-11 21:01:20,609 - MLProjectLogger - INFO - Applying Trust Engine...
2026-03-11 21:01:20,623 - MLProjectLogger - INFO - Trust scoring completed.
2026-03-11 21:01:20,648 - MLProjectLogger - INFO - Starting preprocessing...
2026-03-11 21:01:20,660 - MLProjectLogger - INFO - Preprocessing completed.
2026-03-11 21:01:20,663 - MLProjectLogger - INFO - Applying feature engineering...
2026-03-11 21:01:20,671 - MLProjectLogger - INFO - Feature engineering done.
2026-03-11 21:01:20,672 - MLProjectLogger - INFO - Applying Trust Engine...
2026-03-11 21:01:20,684 - MLProjectLogger - INFO - Trust scoring completed.
2026-03-11 21:01:20,703 - MLProjectLogger - INFO - Starting preprocessing...
2026-03-11 21:01:20,715 - MLProjectLogger - INFO - Preprocessing completed.
2026-03-11 21:01:20,717 - MLProjectLogger - INFO - Applying feature engineering...
2026-03-11 21:01:20,726 - MLProjectLogger - INFO - Feature engineering done.
2026-03-11 21:01:20,739 - MLProjectLogger - INFO - Applying Trust Engine...
2026-03-11 21:01:20,748 - MLProjectLogger - INFO - Trust scoring completed.
2026-03-11 21:01:20,758 - MLProjectLogger - INFO - Starting preprocessing...
2026-03-11 21:01:20,774 - MLProjectLogger - INFO - Preprocessing completed.
2026-03-11 21:01:20,776 - MLProjectLogger - INFO - Applying feature engineering...
2026-03-11 21:01:20,788 - MLProjectLogger - INFO - Feature engineering done.
2026-03-11 21:01:20,793 - MLProjectLogger - INFO - Applying Trust Engine...
2026-03-11 21:01:20,803 - MLProjectLogger - INFO - Trust scoring completed.
2026-03-11 21:01:20,856 - MLProjectLogger - INFO - Starting preprocessing...
2026-03-11 21:01:20,881 - MLProjectLogger - INFO - Preprocessing completed.
2026-03-11 21:01:20,883 - MLProjectLogger - INFO - Applying feature engineering...
2026-03-11 21:01:20,890 - MLProjectLogger - INFO - Feature engineering done.
2026-03-11 21:01:20,896 - MLProjectLogger - INFO - Applying Trust Engine...
2026-03-11 21:01:20,920 - MLProjectLogger - INFO - Trust scoring completed.
2026-03-11 21:01:20,935 - MLProjectLogger - INFO - Starting preprocessing...
2026-03-11 21:01:20,960 - MLProjectLogger - INFO - Preprocessing completed.
2026-03-11 21:01:20,962 - MLProjectLogger - INFO - Applying feature engineering...
2026-03-11 21:01:20,979 - MLProjectLogger - INFO - Feature engineering done.
2026-03-11 21:01:20,981 - MLProjectLogger - INFO - Applying Trust Engine...
2026-03-11 21:01:20,991 - MLProjectLogger - INFO - Trust scoring completed.
2026-03-11 21:01:21,045 - MLProjectLogger - INFO - Starting preprocessing...
2026-03-11 21:01:21,119 - MLProjectLogger - INFO - Preprocessing completed.
2026-03-11 21:01:21,120 - MLProjectLogger - INFO - Applying feature engineering...
2026-03-11 21:01:21,126 - MLProjectLogger - INFO - Feature engineering done.
2026-03-11 21:01:21,128 - MLProjectLogger - INFO - Applying Trust Engine...
2026-03-11 21:01:21,162 - MLProjectLogger - INFO - Trust scoring completed.
2026-03-11 21:01:21,176 - MLProjectLogger - INFO - Starting preprocessing...
2026-03-11 21:01:21,201 - MLProjectLogger - INFO - Preprocessing completed.
2026-03-11 21:01:21,205 - MLProjectLogger - INFO - Applying feature engineering...
2026-03-11 21:01:21,210 - MLProjectLogger - INFO - Feature engineering done.
2026-03-11 21:01:21,230 - MLProjectLogger - INFO - Applying Trust Engine...
2026-03-11 21:01:21,245 - MLProjectLogger - INFO - Trust scoring completed.
2026-03-11 21:01:21,256 - MLProjectLogger - INFO - Starting preprocessing...
2026-03-11 21:01:21,279 - MLProjectLogger - INFO - Preprocessing completed.
2026-03-11 21:01:21,282 - MLProjectLogger - INFO - Applying feature engineering...
2026-03-11 21:01:21,301 - MLProjectLogger - INFO - Feature engineering done.
2026-03-11 21:01:21,316 - MLProjectLogger - INFO - Applying Trust Engine...
2026-03-11 21:01:21,332 - MLProjectLogger - INFO - Trust scoring completed.
2026-03-11 21:01:21,341 - MLProjectLogger - INFO - Starting preprocessing...
2026-03-11 21:01:21,361 - MLProjectLogger - INFO - Preprocessing completed.
2026-03-11 21:01:21,362 - MLProjectLogger - INFO - Applying feature engineering...
2026-03-11 21:01:21,370 - MLProjectLogger - INFO - Feature engineering done.
2026-03-11 21:01:21,383 - MLProjectLogger - INFO - Applying Trust Engine...
2026-03-11 21:01:21,390 - MLProjectLogger - INFO - Trust scoring completed.
2026-03-11 21:01:21,409 - MLProjectLogger - INFO - Starting preprocessing...
2026-03-11 21:01:21,427 - MLProjectLogger - INFO - Preprocessing completed.
2026-03-11 21:01:21,432 - MLProjectLogger - INFO - Applying feature engineering...
2026-03-11 21:01:21,441 - MLProjectLogger - INFO - Feature engineering done.
2026-03-11 21:01:21,442 - MLProjectLogger - INFO - Applying Trust Engine...
2026-03-11 21:01:21,481 - MLProjectLogger - INFO - Trust scoring completed.
2026-03-11 21:01:21,494 - MLProjectLogger - INFO - Starting preprocessing...
2026-03-11 21:01:21,518 - MLProjectLogger - INFO - Preprocessing completed.
2026-03-11 21:01:21,519 - MLProjectLogger - INFO - Applying feature engineering...
2026-03-11 21:01:21,524 - MLProjectLogger - INFO - Feature engineering done.
2026-03-11 21:01:21,525 - MLProjectLogger - INFO - Applying Trust Engine...
2026-03-11 21:01:21,539 - MLProjectLogger - INFO - Trust scoring completed.
2026-03-11 21:01:21,561 - MLProjectLogger - INFO - Starting preprocessing...
2026-03-11 21:01:21,588 - MLProjectLogger - INFO - Preprocessing completed.
2026-03-11 21:01:21,589 - MLProjectLogger - INFO - Applying feature engineering...
2026-03-11 21:01:21,598 - MLProjectLogger - INFO - Feature engineering done.
2026-03-11 21:01:21,601 - MLProjectLogger - INFO - Applying Trust Engine...
2026-03-11 21:01:21,611 - MLProjectLogger - INFO - Trust scoring completed.
2026-03-11 21:01:21,622 - MLProjectLogger - INFO - Starting preprocessing...
2026-03-11 21:01:21,639 - MLProjectLogger - INFO - Preprocessing completed.
2026-03-11 21:01:21,641 - MLProjectLogger - INFO - Applying feature engineering...
2026-03-11 21:01:21,645 - MLProjectLogger - INFO - Feature engineering done.
2026-03-11 21:01:21,649 - MLProjectLogger - INFO - Applying Trust Engine...
2026-03-11 21:01:21,657 - MLProjectLogger - INFO - Trust scoring completed.
2026-03-11 21:01:21,663 - MLProjectLogger - INFO - Starting preprocessing...
2026-03-11 21:01:21,674 - MLProjectLogger - INFO - Preprocessing completed.
2026-03-11 21:01:21,675 - MLProjectLogger - INFO - Applying feature engineering...
2026-03-11 21:01:21,679 - MLProjectLogger - INFO - Feature engineering done.
2026-03-11 21:01:21,683 - MLProjectLogger - INFO - Applying Trust Engine...
2026-03-11 21:01:21,690 - MLProjectLogger - INFO - Trust scoring completed.
2026-03-11 21:01:21,698 - MLProjectLogger - INFO - Starting preprocessing...
2026-03-11 21:01:21,712 - MLProjectLogger - INFO - Preprocessing completed.
2026-03-11 21:01:21,713 - MLProjectLogger - INFO - Applying feature engineering...
2026-03-11 21:01:21,722 - MLProjectLogger - INFO - Feature engineering done.
2026-03-11 21:01:21,725 - MLProjectLogger - INFO - Applying Trust Engine...
2026-03-11 21:01:21,731 - MLProjectLogger - INFO - Trust scoring completed.
2026-03-11 21:01:21,739 - MLProjectLogger - INFO - Starting preprocessing...
2026-03-11 21:01:21,751 - MLProjectLogger - INFO - Preprocessing completed.
2026-03-11 21:01:21,755 - MLProjectLogger - INFO - Applying feature engineering...
2026-03-11 21:01:21,760 - MLProjectLogger - INFO - Feature engineering done.
2026-03-11 21:01:21,761 - MLProjectLogger - INFO - Applying Trust Engine...
2026-03-11 21:01:21,774 - MLProjectLogger - INFO - Trust scoring completed.
2026-03-11 21:01:21,785 - MLProjectLogger - INFO - Starting preprocessing...
2026-03-11 21:01:21,810 - MLProjectLogger - INFO - Preprocessing completed.
2026-03-11 21:01:21,810 - MLProjectLogger - INFO - Applying feature engineering...
2026-03-11 21:01:21,816 - MLProjectLogger - INFO - Feature engineering done.
2026-03-11 21:01:21,817 - MLProjectLogger - INFO - Applying Trust Engine...
2026-03-11 21:01:21,829 - MLProjectLogger - INFO - Trust scoring completed.
2026-03-11 21:01:21,840 - MLProjectLogger - INFO - Starting preprocessing...
2026-03-11 21:01:21,861 - MLProjectLogger - INFO - Preprocessing completed.
2026-03-11 21:01:21,863 - MLProjectLogger - INFO - Applying feature engineering...
2026-03-11 21:01:21,869 - MLProjectLogger - INFO - Feature engineering done.
2026-03-11 21:01:21,872 - MLProjectLogger - INFO - Applying Trust Engine...
2026-03-11 21:01:21,886 - MLProjectLogger - INFO - Trust scoring completed.
2026-03-11 21:01:21,906 - MLProjectLogger - INFO - Starting preprocessing...
2026-03-11 21:01:21,919 - MLProjectLogger - INFO - Preprocessing completed.
2026-03-11 21:01:21,921 - MLProjectLogger - INFO - Applying feature engineering...
2026-03-11 21:01:21,926 - MLProjectLogger - INFO - Feature engineering done.
2026-03-11 21:01:21,926 - MLProjectLogger - INFO - Applying Trust Engine...
2026-03-11 21:01:21,941 - MLProjectLogger - INFO - Trust scoring completed.
2026-03-11 21:01:21,949 - MLProjectLogger - INFO - Starting preprocessing...
2026-03-11 21:01:21,966 - MLProjectLogger - INFO - Preprocessing completed.
2026-03-11 21:01:21,967 - MLProjectLogger - INFO - Applying feature engineering...
2026-03-11 21:01:21,980 - MLProjectLogger - INFO - Feature engineering done.
2026-03-11 21:01:21,982 - MLProjectLogger - INFO - Applying Trust Engine...
2026-03-11 21:01:21,994 - MLProjectLogger - INFO - Trust scoring completed.
2026-03-11 21:01:22,002 - MLProjectLogger - INFO - Starting preprocessing...
2026-03-11 21:01:22,013 - MLProjectLogger - INFO - Preprocessing completed.
2026-03-11 21:01:22,017 - MLProjectLogger - INFO - Applying feature engineering...
2026-03-11 21:01:22,024 - MLProjectLogger - INFO - Feature engineering done.
2026-03-11 21:01:22,026 - MLProjectLogger - INFO - Applying Trust Engine...
2026-03-11 21:01:22,034 - MLProjectLogger - INFO - Trust scoring completed.
2026-03-11 21:01:22,040 - MLProjectLogger - INFO - Starting preprocessing...
2026-03-11 21:01:22,053 - MLProjectLogger - INFO - Preprocessing completed.
2026-03-11 21:01:22,054 - MLProjectLogger - INFO - Applying feature engineering...
2026-03-11 21:01:22,062 - MLProjectLogger - INFO - Feature engineering done.
2026-03-11 21:01:22,065 - MLProjectLogger - INFO - Applying Trust Engine...
2026-03-11 21:01:22,072 - MLProjectLogger - INFO - Trust scoring completed.
2026-03-11 21:01:22,080 - MLProjectLogger - INFO - Starting preprocessing...
2026-03-11 21:01:22,089 - MLProjectLogger - INFO - Preprocessing completed.
2026-03-11 21:01:22,093 - MLProjectLogger - INFO - Applying feature engineering...
2026-03-11 21:01:22,100 - MLProjectLogger - INFO - Feature engineering done.
2026-03-11 21:01:22,101 - MLProjectLogger - INFO - Applying Trust Engine...
2026-03-11 21:01:22,110 - MLProjectLogger - INFO - Trust scoring completed.
2026-03-11 21:01:22,119 - MLProjectLogger - INFO - Starting preprocessing...
2026-03-11 21:01:22,130 - MLProjectLogger - INFO - Preprocessing completed.
2026-03-11 21:01:22,136 - MLProjectLogger - INFO - Applying feature engineering...
2026-03-11 21:01:22,162 - MLProjectLogger - INFO - Feature engineering done.
2026-03-11 21:01:22,164 - MLProjectLogger - INFO - Applying Trust Engine...
2026-03-11 21:01:22,193 - MLProjectLogger - INFO - Trust scoring completed.
2026-03-11 21:01:22,199 - MLProjectLogger - INFO - Starting preprocessing...
2026-03-11 21:01:22,213 - MLProjectLogger - INFO - Preprocessing completed.
2026-03-11 21:01:22,217 - MLProjectLogger - INFO - Applying feature engineering...
2026-03-11 21:01:22,227 - MLProjectLogger - INFO - Feature engineering done.
2026-03-11 21:01:22,230 - MLProjectLogger - INFO - Applying Trust Engine...
2026-03-11 21:01:22,237 - MLProjectLogger - INFO - Trust scoring completed.
2026-03-11 21:01:22,249 - MLProjectLogger - INFO - Starting preprocessing...
2026-03-11 21:01:22,263 - MLProjectLogger - INFO - Preprocessing completed.
2026-03-11 21:01:22,266 - MLProjectLogger - INFO - Applying feature engineering...
2026-03-11 21:01:22,276 - MLProjectLogger - INFO - Feature engineering done.
2026-03-11 21:01:22,279 - MLProjectLogger - INFO - Applying Trust Engine...
2026-03-11 21:01:22,292 - MLProjectLogger - INFO - Trust scoring completed.
2026-03-11 21:01:22,302 - MLProjectLogger - INFO - Starting preprocessing...
2026-03-11 21:01:22,313 - MLProjectLogger - INFO - Preprocessing completed.
2026-03-11 21:01:22,316 - MLProjectLogger - INFO - Applying feature engineering...
2026-03-11 21:01:22,325 - MLProjectLogger - INFO - Feature engineering done.
2026-03-11 21:01:22,329 - MLProjectLogger - INFO - Applying Trust Engine...
2026-03-11 21:01:22,337 - MLProjectLogger - INFO - Trust scoring completed.
