2026-03-11 20:35:36,840 | INFO | Prediction request received
2026-03-11 20:35:37,146 | INFO | CSV loaded successfully. Shape: (40043, 49)
2026-03-11 20:35:37,155 | INFO | Starting preprocessing...
2026-03-11 20:35:37,300 | INFO | Preprocessing completed.
2026-03-11 20:35:37,310 | INFO | Applying feature engineering...
2026-03-11 20:35:37,312 | INFO | Feature engineering done.
2026-03-11 20:35:37,321 | INFO | Applying Trust Engine...
2026-03-11 20:35:37,330 | INFO | Trust scoring completed.
2026-03-11 20:35:56,025 | INFO | Prediction completed successfully
2026-03-11 20:36:06,634 | INFO | Starting preprocessing...
2026-03-11 20:36:06,655 | INFO | Preprocessing completed.
2026-03-11 20:36:06,655 | INFO | Applying feature engineering...
2026-03-11 20:36:06,711 | INFO | Feature engineering done.
2026-03-11 20:36:06,711 | INFO | Applying Trust Engine...
2026-03-11 20:36:06,720 | INFO | Trust scoring completed.
2026-03-11 20:36:06,744 | INFO | Starting preprocessing...
2026-03-11 20:36:06,761 | INFO | Preprocessing completed.
2026-03-11 20:36:06,762 | INFO | Applying feature engineering...
2026-03-11 20:36:06,766 | INFO | Feature engineering done.
2026-03-11 20:36:06,771 | INFO | Applying Trust Engine...
2026-03-11 20:36:06,779 | INFO | Trust scoring completed.
2026-03-11 20:37:26,852 | INFO | Starting preprocessing...
2026-03-11 20:37:26,852 | INFO | Starting preprocessing...
2026-03-11 20:37:26,949 | INFO | Preprocessing completed.
2026-03-11 20:37:26,954 | INFO | Applying feature engineering...
2026-03-11 20:37:26,955 | INFO | Preprocessing completed.
2026-03-11 20:37:26,977 | INFO | Feature engineering done.
2026-03-11 20:37:26,977 | INFO | Applying feature engineering...
2026-03-11 20:37:26,982 | INFO | Applying Trust Engine...
2026-03-11 20:37:27,003 | INFO | Trust scoring completed.
2026-03-11 20:37:27,005 | INFO | Feature engineering done.
2026-03-11 20:37:27,012 | INFO | Applying Trust Engine...
2026-03-11 20:37:27,023 | INFO | Trust scoring completed.
2026-03-11 20:37:53,501 | INFO | Starting preprocessing...
2026-03-11 20:37:53,504 | INFO | Starting preprocessing...
2026-03-11 20:37:53,539 | INFO | Preprocessing completed.
2026-03-11 20:37:53,540 | INFO | Preprocessing completed.
2026-03-11 20:37:53,540 | INFO | Applying feature engineering...
2026-03-11 20:37:53,540 | INFO | Applying feature engineering...
2026-03-11 20:37:53,546 | INFO | Feature engineering done.
2026-03-11 20:37:53,560 | INFO | Feature engineering done.
2026-03-11 20:37:53,560 | INFO | Applying Trust Engine...
2026-03-11 20:37:53,560 | INFO | Applying Trust Engine...
2026-03-11 20:37:53,573 | INFO | Trust scoring completed.
2026-03-11 20:37:53,590 | INFO | Trust scoring completed.
2026-03-11 20:39:16,795 | INFO | Starting preprocessing...
2026-03-11 20:39:16,801 | INFO | Starting preprocessing...
2026-03-11 20:39:16,843 | INFO | Preprocessing completed.
2026-03-11 20:39:16,851 | INFO | Applying feature engineering...
2026-03-11 20:39:16,858 | INFO | Preprocessing completed.
2026-03-11 20:39:16,866 | INFO | Feature engineering done.
2026-03-11 20:39:16,866 | INFO | Applying feature engineering...
2026-03-11 20:39:16,872 | INFO | Applying Trust Engine...
2026-03-11 20:39:16,893 | INFO | Feature engineering done.
2026-03-11 20:39:16,903 | INFO | Trust scoring completed.
2026-03-11 20:39:16,903 | INFO | Applying Trust Engine...
2026-03-11 20:39:16,914 | INFO | Trust scoring completed.
