2026-03-11 20:20:12,698 - MLProjectLogger - INFO - Starting preprocessing...
2026-03-11 20:20:12,903 - MLProjectLogger - INFO - Preprocessing completed.
2026-03-11 20:20:12,918 - MLProjectLogger - INFO - Applying feature engineering...
2026-03-11 20:20:12,941 - MLProjectLogger - INFO - Feature engineering done.
2026-03-11 20:20:12,950 - MLProjectLogger - INFO - Applying Trust Engine...
2026-03-11 20:20:12,963 - MLProjectLogger - INFO - Trust scoring completed.
2026-03-11 20:21:33,980 - MLProjectLogger - INFO - Starting preprocessing...
2026-03-11 20:21:34,029 - MLProjectLogger - INFO - Preprocessing completed.
2026-03-11 20:21:34,033 - MLProjectLogger - INFO - Applying feature engineering...
2026-03-11 20:21:34,040 - MLProjectLogger - INFO - Feature engineering done.
2026-03-11 20:21:34,040 - MLProjectLogger - INFO - Applying Trust Engine...
2026-03-11 20:21:34,048 - MLProjectLogger - INFO - Trust scoring completed.
2026-03-11 20:21:34,112 - MLProjectLogger - INFO - Starting preprocessing...
2026-03-11 20:21:34,145 - MLProjectLogger - INFO - Preprocessing completed.
2026-03-11 20:21:34,146 - MLProjectLogger - INFO - Applying feature engineering...
2026-03-11 20:21:34,152 - MLProjectLogger - INFO - Feature engineering done.
2026-03-11 20:21:34,153 - MLProjectLogger - INFO - Applying Trust Engine...
2026-03-11 20:21:34,172 - MLProjectLogger - INFO - Trust scoring completed.
2026-03-11 20:30:44,261 - MLProjectLogger - INFO - Starting preprocessing...
2026-03-11 20:30:44,273 - MLProjectLogger - INFO - Preprocessing completed.
2026-03-11 20:30:44,276 - MLProjectLogger - INFO - Applying feature engineering...
2026-03-11 20:30:44,296 - MLProjectLogger - INFO - Feature engineering done.
2026-03-11 20:30:44,301 - MLProjectLogger - INFO - Applying Trust Engine...
2026-03-11 20:30:44,317 - MLProjectLogger - INFO - Trust scoring completed.
2026-03-11 20:30:44,342 - MLProjectLogger - INFO - Starting preprocessing...
2026-03-11 20:30:44,358 - MLProjectLogger - INFO - Preprocessing completed.
2026-03-11 20:30:44,360 - MLProjectLogger - INFO - Applying feature engineering...
2026-03-11 20:30:44,369 - MLProjectLogger - INFO - Feature engineering done.
2026-03-11 20:30:44,369 - MLProjectLogger - INFO - Applying Trust Engine...
2026-03-11 20:30:44,377 - MLProjectLogger - INFO - Trust scoring completed.
2026-03-11 20:30:55,771 - MLProjectLogger - INFO - Starting preprocessing...
2026-03-11 20:30:55,822 - MLProjectLogger - INFO - Preprocessing completed.
2026-03-11 20:30:55,822 - MLProjectLogger - INFO - Applying feature engineering...
2026-03-11 20:30:55,830 - MLProjectLogger - INFO - Feature engineering done.
2026-03-11 20:30:55,831 - MLProjectLogger - INFO - Applying Trust Engine...
2026-03-11 20:30:55,851 - MLProjectLogger - INFO - Trust scoring completed.
2026-03-11 20:30:55,885 - MLProjectLogger - INFO - Starting preprocessing...
2026-03-11 20:30:55,911 - MLProjectLogger - INFO - Preprocessing completed.
2026-03-11 20:30:55,913 - MLProjectLogger - INFO - Applying feature engineering...
2026-03-11 20:30:55,917 - MLProjectLogger - INFO - Feature engineering done.
2026-03-11 20:30:55,917 - MLProjectLogger - INFO - Applying Trust Engine...
2026-03-11 20:30:55,933 - MLProjectLogger - INFO - Trust scoring completed.
