2026-03-11 20:51:56,775 | INFO | Prediction request received
2026-03-11 20:51:57,143 | INFO | CSV loaded successfully. Shape: (40043, 49)
2026-03-11 20:51:57,151 | INFO | Starting preprocessing...
2026-03-11 20:51:57,290 | INFO | Preprocessing completed.
2026-03-11 20:51:57,295 | INFO | Applying feature engineering...
2026-03-11 20:51:57,318 | INFO | Feature engineering done.
2026-03-11 20:51:57,319 | INFO | Applying Trust Engine...
2026-03-11 20:51:57,362 | INFO | Trust scoring completed.
2026-03-11 20:52:26,487 | INFO | Prediction completed successfully
2026-03-11 20:52:30,760 | INFO | Starting preprocessing...
2026-03-11 20:52:30,777 | INFO | Starting preprocessing...
2026-03-11 20:52:30,835 | INFO | Preprocessing completed.
2026-03-11 20:52:30,843 | INFO | Preprocessing completed.
2026-03-11 20:52:30,884 | INFO | Applying feature engineering...
2026-03-11 20:52:30,886 | INFO | Applying feature engineering...
2026-03-11 20:52:30,902 | INFO | Feature engineering done.
2026-03-11 20:52:30,909 | INFO | Feature engineering done.
2026-03-11 20:52:30,911 | INFO | Applying Trust Engine...
2026-03-11 20:52:30,911 | INFO | Applying Trust Engine...
2026-03-11 20:52:30,930 | INFO | Trust scoring completed.
2026-03-11 20:52:30,936 | INFO | Trust scoring completed.
2026-03-11 20:55:55,710 | INFO | Prediction request received
2026-03-11 20:55:55,994 | INFO | CSV loaded successfully. Shape: (40043, 49)
2026-03-11 20:55:56,002 | INFO | Starting preprocessing...
2026-03-11 20:55:56,096 | INFO | Preprocessing completed.
2026-03-11 20:55:56,102 | INFO | Applying feature engineering...
2026-03-11 20:55:56,102 | INFO | Feature engineering done.
2026-03-11 20:55:56,108 | INFO | Applying Trust Engine...
2026-03-11 20:55:56,116 | INFO | Trust scoring completed.
2026-03-11 20:56:16,132 | INFO | Prediction completed successfully
2026-03-11 20:56:20,495 | INFO | Starting preprocessing...
2026-03-11 20:56:20,505 | INFO | Starting preprocessing...
2026-03-11 20:56:20,519 | INFO | Preprocessing completed.
2026-03-11 20:56:20,526 | INFO | Applying feature engineering...
2026-03-11 20:56:20,532 | INFO | Feature engineering done.
2026-03-11 20:56:20,540 | INFO | Preprocessing completed.
2026-03-11 20:56:20,540 | INFO | Applying Trust Engine...
2026-03-11 20:56:20,540 | INFO | Applying feature engineering...
2026-03-11 20:56:20,551 | INFO | Trust scoring completed.
2026-03-11 20:56:20,558 | INFO | Feature engineering done.
2026-03-11 20:56:20,559 | INFO | Applying Trust Engine...
2026-03-11 20:56:20,569 | INFO | Trust scoring completed.
2026-03-11 20:56:30,508 | INFO | Starting preprocessing...
2026-03-11 20:56:30,515 | INFO | Starting preprocessing...
2026-03-11 20:56:30,558 | INFO | Preprocessing completed.
2026-03-11 20:56:30,566 | INFO | Applying feature engineering...
2026-03-11 20:56:30,569 | INFO | Preprocessing completed.
2026-03-11 20:56:30,580 | INFO | Feature engineering done.
2026-03-11 20:56:30,582 | INFO | Applying feature engineering...
2026-03-11 20:56:30,586 | INFO | Applying Trust Engine...
2026-03-11 20:56:30,596 | INFO | Feature engineering done.
2026-03-11 20:56:30,605 | INFO | Trust scoring completed.
2026-03-11 20:56:30,605 | INFO | Applying Trust Engine...
2026-03-11 20:56:30,623 | INFO | Trust scoring completed.
2026-03-11 20:56:41,860 | INFO | Starting preprocessing...
2026-03-11 20:56:41,862 | INFO | Starting preprocessing...
2026-03-11 20:56:41,885 | INFO | Preprocessing completed.
2026-03-11 20:56:41,908 | INFO | Preprocessing completed.
2026-03-11 20:56:41,911 | INFO | Applying feature engineering...
2026-03-11 20:56:41,913 | INFO | Applying feature engineering...
2026-03-11 20:56:41,919 | INFO | Feature engineering done.
2026-03-11 20:56:41,942 | INFO | Feature engineering done.
2026-03-11 20:56:41,945 | INFO | Applying Trust Engine...
2026-03-11 20:56:41,949 | INFO | Applying Trust Engine...
2026-03-11 20:56:41,968 | INFO | Trust scoring completed.
2026-03-11 20:56:42,005 | INFO | Trust scoring completed.
2026-03-11 20:56:58,912 | INFO | Starting preprocessing...
2026-03-11 20:56:58,940 | INFO | Preprocessing completed.
2026-03-11 20:56:58,945 | INFO | Applying feature engineering...
2026-03-11 20:56:58,955 | INFO | Feature engineering done.
2026-03-11 20:56:58,960 | INFO | Applying Trust Engine...
2026-03-11 20:56:59,004 | INFO | Trust scoring completed.
2026-03-11 20:56:59,021 | INFO | Starting preprocessing...
2026-03-11 20:56:59,058 | INFO | Preprocessing completed.
2026-03-11 20:56:59,058 | INFO | Applying feature engineering...
2026-03-11 20:56:59,065 | INFO | Feature engineering done.
2026-03-11 20:56:59,066 | INFO | Applying Trust Engine...
2026-03-11 20:56:59,086 | INFO | Trust scoring completed.
2026-03-11 20:57:02,578 | INFO | Starting preprocessing...
2026-03-11 20:57:02,582 | INFO | Starting preprocessing...
2026-03-11 20:57:02,628 | INFO | Preprocessing completed.
2026-03-11 20:57:02,631 | INFO | Applying feature engineering...
2026-03-11 20:57:02,631 | INFO | Preprocessing completed.
2026-03-11 20:57:02,651 | INFO | Applying feature engineering...
2026-03-11 20:57:02,656 | INFO | Feature engineering done.
2026-03-11 20:57:02,659 | INFO | Feature engineering done.
2026-03-11 20:57:02,666 | INFO | Applying Trust Engine...
2026-03-11 20:57:02,668 | INFO | Applying Trust Engine...
2026-03-11 20:57:02,673 | INFO | Trust scoring completed.
2026-03-11 20:57:02,686 | INFO | Trust scoring completed.
2026-03-11 20:57:10,885 | INFO | Starting preprocessing...
2026-03-11 20:57:10,885 | INFO | Starting preprocessing...
2026-03-11 20:57:10,893 | INFO | Preprocessing completed.
2026-03-11 20:57:10,920 | INFO | Applying feature engineering...
2026-03-11 20:57:10,925 | INFO | Preprocessing completed.
2026-03-11 20:57:10,941 | INFO | Feature engineering done.
2026-03-11 20:57:10,942 | INFO | Applying feature engineering...
2026-03-11 20:57:10,942 | INFO | Applying Trust Engine...
2026-03-11 20:57:10,966 | INFO | Feature engineering done.
2026-03-11 20:57:10,988 | INFO | Trust scoring completed.
2026-03-11 20:57:10,989 | INFO | Applying Trust Engine...
2026-03-11 20:57:11,019 | INFO | Trust scoring completed.
